solução
4 3 2 1 
1 2 3 4 
3 1 4 2 
2 4 1 3 
Colori 16
Tempo de execucao: 0.0001794650
solução
4 3 2 1 
1 2 3 4 
3 1 4 2 
2 4 1 3 
Colori 16
Tempo de execucao: 0.0001535040
solução
4 3 2 1 
1 2 3 4 
3 1 4 2 
2 4 1 3 
Colori 16
Tempo de execucao: 0.0001537130
solução
4 3 2 1 
1 2 3 4 
3 1 4 2 
2 4 1 3 
Colori 16
Tempo de execucao: 0.0001573300
solução
4 3 2 1 
1 2 3 4 
3 1 4 2 
2 4 1 3 
Colori 16
Tempo de execucao: 0.0001722460
solução
4 3 2 1 
1 2 3 4 
3 1 4 2 
2 4 1 3 
Colori 16
Tempo de execucao: 0.0001795050
solução
4 3 2 1 
1 2 3 4 
3 1 4 2 
2 4 1 3 
Colori 16
Tempo de execucao: 0.0001839470
solução
4 3 2 1 
1 2 3 4 
3 1 4 2 
2 4 1 3 
Colori 16
Tempo de execucao: 0.0001639040
solução
4 3 2 1 
1 2 3 4 
3 1 4 2 
2 4 1 3 
Colori 16
Tempo de execucao: 0.0001813260
solução
4 3 2 1 
1 2 3 4 
3 1 4 2 
2 4 1 3 
Colori 16
Tempo de execucao: 0.0001602410
solução
4 3 2 1 
1 2 3 4 
3 1 4 2 
2 4 1 3 
Colori 16
Tempo de execucao: 0.0001630610
solução
4 3 2 1 
1 2 3 4 
3 1 4 2 
2 4 1 3 
Colori 16
Tempo de execucao: 0.0002414410
solução
4 3 2 1 
1 2 3 4 
3 1 4 2 
2 4 1 3 
Colori 16
Tempo de execucao: 0.0001500890
solução
4 3 2 1 
1 2 3 4 
3 1 4 2 
2 4 1 3 
Colori 16
Tempo de execucao: 0.0001589980
solução
4 3 2 1 
1 2 3 4 
3 1 4 2 
2 4 1 3 
Colori 16
Tempo de execucao: 0.0001941290
solução
4 3 2 1 
1 2 3 4 
3 1 4 2 
2 4 1 3 
Colori 16
Tempo de execucao: 0.0001547520
solução
4 3 2 1 
1 2 3 4 
3 1 4 2 
2 4 1 3 
Colori 16
Tempo de execucao: 0.0001628680
solução
4 3 2 1 
1 2 3 4 
3 1 4 2 
2 4 1 3 
Colori 16
Tempo de execucao: 0.0001940940
solução
4 3 2 1 
1 2 3 4 
3 1 4 2 
2 4 1 3 
Colori 16
Tempo de execucao: 0.0001511330
solução
4 3 2 1 
1 2 3 4 
3 1 4 2 
2 4 1 3 
Colori 16
Tempo de execucao: 0.0001832440
solução
4 3 2 1 
1 2 3 4 
3 1 4 2 
2 4 1 3 
Colori 16
Tempo de execucao: 0.0001550690
solução
4 3 2 1 
1 2 3 4 
3 1 4 2 
2 4 1 3 
Colori 16
Tempo de execucao: 0.0001758080
solução
4 3 2 1 
1 2 3 4 
3 1 4 2 
2 4 1 3 
Colori 16
Tempo de execucao: 0.0001905740
solução
4 3 2 1 
1 2 3 4 
3 1 4 2 
2 4 1 3 
Colori 16
Tempo de execucao: 0.0001612010
solução
4 3 2 1 
1 2 3 4 
3 1 4 2 
2 4 1 3 
Colori 16
Tempo de execucao: 0.0001499090
solução
4 3 2 1 
1 2 3 4 
3 1 4 2 
2 4 1 3 
Colori 16
Tempo de execucao: 0.0001594710
solução
4 3 2 1 
1 2 3 4 
3 1 4 2 
2 4 1 3 
Colori 16
Tempo de execucao: 0.0002256980
solução
4 3 2 1 
1 2 3 4 
3 1 4 2 
2 4 1 3 
Colori 16
Tempo de execucao: 0.0001573780
solução
4 3 2 1 
1 2 3 4 
3 1 4 2 
2 4 1 3 
Colori 16
Tempo de execucao: 0.0001588760
solução
4 3 2 1 
1 2 3 4 
3 1 4 2 
2 4 1 3 
Colori 16
Tempo de execucao: 0.0002215700
solução
4 3 2 1 
1 2 3 4 
3 1 4 2 
2 4 1 3 
Colori 16
Tempo de execucao: 0.0001519920
solução
4 3 2 1 
1 2 3 4 
3 1 4 2 
2 4 1 3 
Colori 16
Tempo de execucao: 0.0002024550
solução
4 3 2 1 
1 2 3 4 
3 1 4 2 
2 4 1 3 
Colori 16
Tempo de execucao: 0.0001922480
solução
4 3 2 1 
1 2 3 4 
3 1 4 2 
2 4 1 3 
Colori 16
Tempo de execucao: 0.0001593870
solução
4 3 2 1 
1 2 3 4 
3 1 4 2 
2 4 1 3 
Colori 16
Tempo de execucao: 0.0002106060
solução
4 3 2 1 
1 2 3 4 
3 1 4 2 
2 4 1 3 
Colori 16
Tempo de execucao: 0.0001512000
solução
4 3 2 1 
1 2 3 4 
3 1 4 2 
2 4 1 3 
Colori 16
Tempo de execucao: 0.0002255910
solução
4 3 2 1 
1 2 3 4 
3 1 4 2 
2 4 1 3 
Colori 16
Tempo de execucao: 0.0002601600
solução
4 3 2 1 
1 2 3 4 
3 1 4 2 
2 4 1 3 
Colori 16
Tempo de execucao: 0.0001990730
solução
4 3 2 1 
1 2 3 4 
3 1 4 2 
2 4 1 3 
Colori 16
Tempo de execucao: 0.0001624270
solução
4 3 2 1 
1 2 3 4 
3 1 4 2 
2 4 1 3 
Colori 16
Tempo de execucao: 0.0001522350
solução
4 3 2 1 
1 2 3 4 
3 1 4 2 
2 4 1 3 
Colori 16
Tempo de execucao: 0.0001550680
solução
4 3 2 1 
1 2 3 4 
3 1 4 2 
2 4 1 3 
Colori 16
Tempo de execucao: 0.0002140310
solução
4 3 2 1 
1 2 3 4 
3 1 4 2 
2 4 1 3 
Colori 16
Tempo de execucao: 0.0001569900
solução
4 3 2 1 
1 2 3 4 
3 1 4 2 
2 4 1 3 
Colori 16
Tempo de execucao: 0.0001576510
solução
4 3 2 1 
1 2 3 4 
3 1 4 2 
2 4 1 3 
Colori 16
Tempo de execucao: 0.0002430420
solução
4 3 2 1 
1 2 3 4 
3 1 4 2 
2 4 1 3 
Colori 16
Tempo de execucao: 0.0001653220
solução
4 3 2 1 
1 2 3 4 
3 1 4 2 
2 4 1 3 
Colori 16
Tempo de execucao: 0.0001610670
solução
4 3 2 1 
1 2 3 4 
3 1 4 2 
2 4 1 3 
Colori 16
Tempo de execucao: 0.0001544530
solução
4 3 2 1 
1 2 3 4 
3 1 4 2 
2 4 1 3 
Colori 16
Tempo de execucao: 0.0001587890
solução
4 3 2 1 
1 2 3 4 
3 1 4 2 
2 4 1 3 
Colori 16
Tempo de execucao: 0.0002029110
solução
4 3 2 1 
1 2 3 4 
3 1 4 2 
2 4 1 3 
Colori 16
Tempo de execucao: 0.0001585980
solução
4 3 2 1 
1 2 3 4 
3 1 4 2 
2 4 1 3 
Colori 16
Tempo de execucao: 0.0001621820
solução
4 3 2 1 
1 2 3 4 
3 1 4 2 
2 4 1 3 
Colori 16
Tempo de execucao: 0.0001602480
solução
4 3 2 1 
1 2 3 4 
3 1 4 2 
2 4 1 3 
Colori 16
Tempo de execucao: 0.0002515580
solução
4 3 2 1 
1 2 3 4 
3 1 4 2 
2 4 1 3 
Colori 16
Tempo de execucao: 0.0002187800
solução
4 3 2 1 
1 2 3 4 
3 1 4 2 
2 4 1 3 
Colori 16
Tempo de execucao: 0.0002135430
solução
4 3 2 1 
1 2 3 4 
3 1 4 2 
2 4 1 3 
Colori 16
Tempo de execucao: 0.0001508700
solução
4 3 2 1 
1 2 3 4 
3 1 4 2 
2 4 1 3 
Colori 16
Tempo de execucao: 0.0001600570
solução
4 3 2 1 
1 2 3 4 
3 1 4 2 
2 4 1 3 
Colori 16
Tempo de execucao: 0.0001578780
solução
4 3 2 1 
1 2 3 4 
3 1 4 2 
2 4 1 3 
Colori 16
Tempo de execucao: 0.0001541910
solução
4 3 2 1 
1 2 3 4 
3 1 4 2 
2 4 1 3 
Colori 16
Tempo de execucao: 0.0001951020
solução
4 3 2 1 
1 2 3 4 
3 1 4 2 
2 4 1 3 
Colori 16
Tempo de execucao: 0.0001578530
solução
4 3 2 1 
1 2 3 4 
3 1 4 2 
2 4 1 3 
Colori 16
Tempo de execucao: 0.0001805010
solução
4 3 2 1 
1 2 3 4 
3 1 4 2 
2 4 1 3 
Colori 16
Tempo de execucao: 0.0001735460
solução
4 3 2 1 
1 2 3 4 
3 1 4 2 
2 4 1 3 
Colori 16
Tempo de execucao: 0.0002478500
solução
4 3 2 1 
1 2 3 4 
3 1 4 2 
2 4 1 3 
Colori 16
Tempo de execucao: 0.0001778700
solução
4 3 2 1 
1 2 3 4 
3 1 4 2 
2 4 1 3 
Colori 16
Tempo de execucao: 0.0001545110
solução
4 3 2 1 
1 2 3 4 
3 1 4 2 
2 4 1 3 
Colori 16
Tempo de execucao: 0.0001517380
solução
4 3 2 1 
1 2 3 4 
3 1 4 2 
2 4 1 3 
Colori 16
Tempo de execucao: 0.0001623760
solução
4 3 2 1 
1 2 3 4 
3 1 4 2 
2 4 1 3 
Colori 16
Tempo de execucao: 0.0001812560
solução
4 3 2 1 
1 2 3 4 
3 1 4 2 
2 4 1 3 
Colori 16
Tempo de execucao: 0.0001991950
solução
4 3 2 1 
1 2 3 4 
3 1 4 2 
2 4 1 3 
Colori 16
Tempo de execucao: 0.0001525260
solução
4 3 2 1 
1 2 3 4 
3 1 4 2 
2 4 1 3 
Colori 16
Tempo de execucao: 0.0002161320
solução
4 3 2 1 
1 2 3 4 
3 1 4 2 
2 4 1 3 
Colori 16
Tempo de execucao: 0.0001902730
solução
4 3 2 1 
1 2 3 4 
3 1 4 2 
2 4 1 3 
Colori 16
Tempo de execucao: 0.0000893020
solução
4 3 2 1 
1 2 3 4 
3 1 4 2 
2 4 1 3 
Colori 16
Tempo de execucao: 0.0002378530
solução
4 3 2 1 
1 2 3 4 
3 1 4 2 
2 4 1 3 
Colori 16
Tempo de execucao: 0.0001990700
solução
4 3 2 1 
1 2 3 4 
3 1 4 2 
2 4 1 3 
Colori 16
Tempo de execucao: 0.0001625710
solução
4 3 2 1 
1 2 3 4 
3 1 4 2 
2 4 1 3 
Colori 16
Tempo de execucao: 0.0001506560
solução
4 3 2 1 
1 2 3 4 
3 1 4 2 
2 4 1 3 
Colori 16
Tempo de execucao: 0.0002242880
solução
4 3 2 1 
1 2 3 4 
3 1 4 2 
2 4 1 3 
Colori 16
Tempo de execucao: 0.0002175030
solução
4 3 2 1 
1 2 3 4 
3 1 4 2 
2 4 1 3 
Colori 16
Tempo de execucao: 0.0001509750
solução
4 3 2 1 
1 2 3 4 
3 1 4 2 
2 4 1 3 
Colori 16
Tempo de execucao: 0.0001531610
solução
4 3 2 1 
1 2 3 4 
3 1 4 2 
2 4 1 3 
Colori 16
Tempo de execucao: 0.0001814130
solução
4 3 2 1 
1 2 3 4 
3 1 4 2 
2 4 1 3 
Colori 16
Tempo de execucao: 0.0001599110
solução
4 3 2 1 
1 2 3 4 
3 1 4 2 
2 4 1 3 
Colori 16
Tempo de execucao: 0.0001499530
solução
4 3 2 1 
1 2 3 4 
3 1 4 2 
2 4 1 3 
Colori 16
Tempo de execucao: 0.0002819550
solução
4 3 2 1 
1 2 3 4 
3 1 4 2 
2 4 1 3 
Colori 16
Tempo de execucao: 0.0001503970
solução
4 3 2 1 
1 2 3 4 
3 1 4 2 
2 4 1 3 
Colori 16
Tempo de execucao: 0.0001522310
solução
4 3 2 1 
1 2 3 4 
3 1 4 2 
2 4 1 3 
Colori 16
Tempo de execucao: 0.0001649520
solução
4 3 2 1 
1 2 3 4 
3 1 4 2 
2 4 1 3 
Colori 16
Tempo de execucao: 0.0001554920
solução
4 3 2 1 
1 2 3 4 
3 1 4 2 
2 4 1 3 
Colori 16
Tempo de execucao: 0.0001523720
solução
4 3 2 1 
1 2 3 4 
3 1 4 2 
2 4 1 3 
Colori 16
Tempo de execucao: 0.0001629740
solução
4 3 2 1 
1 2 3 4 
3 1 4 2 
2 4 1 3 
Colori 16
Tempo de execucao: 0.0002158050
solução
4 3 2 1 
1 2 3 4 
3 1 4 2 
2 4 1 3 
Colori 16
Tempo de execucao: 0.0001603350
solução
4 3 2 1 
1 2 3 4 
3 1 4 2 
2 4 1 3 
Colori 16
Tempo de execucao: 0.0001646150
solução
4 3 2 1 
1 2 3 4 
3 1 4 2 
2 4 1 3 
Colori 16
Tempo de execucao: 0.0001576240
solução
4 3 2 1 
1 2 3 4 
3 1 4 2 
2 4 1 3 
Colori 16
Tempo de execucao: 0.0001797980
solução
4 3 2 1 
1 2 3 4 
3 1 4 2 
2 4 1 3 
Colori 16
Tempo de execucao: 0.0002425080
