solução
5 1 3 2 6 4 
2 4 6 1 5 3 
6 2 5 4 3 1 
1 3 4 6 2 5 
4 5 2 3 1 6 
3 6 1 5 4 2 
Colori 36
Tempo de execucao: 0.0001745070
solução
5 1 3 2 6 4 
2 4 6 1 5 3 
6 2 5 4 3 1 
1 3 4 6 2 5 
4 5 2 3 1 6 
3 6 1 5 4 2 
Colori 36
Tempo de execucao: 0.0005911920
solução
5 1 3 2 6 4 
2 4 6 1 5 3 
6 2 5 4 3 1 
1 3 4 6 2 5 
4 5 2 3 1 6 
3 6 1 5 4 2 
Colori 36
Tempo de execucao: 0.0005606950
solução
5 1 3 2 6 4 
2 4 6 1 5 3 
6 2 5 4 3 1 
1 3 4 6 2 5 
4 5 2 3 1 6 
3 6 1 5 4 2 
Colori 36
Tempo de execucao: 0.0006064320
solução
5 1 3 2 6 4 
2 4 6 1 5 3 
6 2 5 4 3 1 
1 3 4 6 2 5 
4 5 2 3 1 6 
3 6 1 5 4 2 
Colori 36
Tempo de execucao: 0.0006700790
solução
5 1 3 2 6 4 
2 4 6 1 5 3 
6 2 5 4 3 1 
1 3 4 6 2 5 
4 5 2 3 1 6 
3 6 1 5 4 2 
Colori 36
Tempo de execucao: 0.0006358970
solução
5 1 3 2 6 4 
2 4 6 1 5 3 
6 2 5 4 3 1 
1 3 4 6 2 5 
4 5 2 3 1 6 
3 6 1 5 4 2 
Colori 36
Tempo de execucao: 0.0007095190
solução
5 1 3 2 6 4 
2 4 6 1 5 3 
6 2 5 4 3 1 
1 3 4 6 2 5 
4 5 2 3 1 6 
3 6 1 5 4 2 
Colori 36
Tempo de execucao: 0.0005993310
solução
5 1 3 2 6 4 
2 4 6 1 5 3 
6 2 5 4 3 1 
1 3 4 6 2 5 
4 5 2 3 1 6 
3 6 1 5 4 2 
Colori 36
Tempo de execucao: 0.0005781380
solução
5 1 3 2 6 4 
2 4 6 1 5 3 
6 2 5 4 3 1 
1 3 4 6 2 5 
4 5 2 3 1 6 
3 6 1 5 4 2 
Colori 36
Tempo de execucao: 0.0007569730
solução
5 1 3 2 6 4 
2 4 6 1 5 3 
6 2 5 4 3 1 
1 3 4 6 2 5 
4 5 2 3 1 6 
3 6 1 5 4 2 
Colori 36
Tempo de execucao: 0.0005778460
solução
5 1 3 2 6 4 
2 4 6 1 5 3 
6 2 5 4 3 1 
1 3 4 6 2 5 
4 5 2 3 1 6 
3 6 1 5 4 2 
Colori 36
Tempo de execucao: 0.0006446590
solução
5 1 3 2 6 4 
2 4 6 1 5 3 
6 2 5 4 3 1 
1 3 4 6 2 5 
4 5 2 3 1 6 
3 6 1 5 4 2 
Colori 36
Tempo de execucao: 0.0006070560
solução
5 1 3 2 6 4 
2 4 6 1 5 3 
6 2 5 4 3 1 
1 3 4 6 2 5 
4 5 2 3 1 6 
3 6 1 5 4 2 
Colori 36
Tempo de execucao: 0.0006072040
solução
5 1 3 2 6 4 
2 4 6 1 5 3 
6 2 5 4 3 1 
1 3 4 6 2 5 
4 5 2 3 1 6 
3 6 1 5 4 2 
Colori 36
Tempo de execucao: 0.0006476970
solução
5 1 3 2 6 4 
2 4 6 1 5 3 
6 2 5 4 3 1 
1 3 4 6 2 5 
4 5 2 3 1 6 
3 6 1 5 4 2 
Colori 36
Tempo de execucao: 0.0006059890
solução
5 1 3 2 6 4 
2 4 6 1 5 3 
6 2 5 4 3 1 
1 3 4 6 2 5 
4 5 2 3 1 6 
3 6 1 5 4 2 
Colori 36
Tempo de execucao: 0.0007180070
solução
5 1 3 2 6 4 
2 4 6 1 5 3 
6 2 5 4 3 1 
1 3 4 6 2 5 
4 5 2 3 1 6 
3 6 1 5 4 2 
Colori 36
Tempo de execucao: 0.0005637530
solução
5 1 3 2 6 4 
2 4 6 1 5 3 
6 2 5 4 3 1 
1 3 4 6 2 5 
4 5 2 3 1 6 
3 6 1 5 4 2 
Colori 36
Tempo de execucao: 0.0006100210
solução
5 1 3 2 6 4 
2 4 6 1 5 3 
6 2 5 4 3 1 
1 3 4 6 2 5 
4 5 2 3 1 6 
3 6 1 5 4 2 
Colori 36
Tempo de execucao: 0.0006351200
solução
5 1 3 2 6 4 
2 4 6 1 5 3 
6 2 5 4 3 1 
1 3 4 6 2 5 
4 5 2 3 1 6 
3 6 1 5 4 2 
Colori 36
Tempo de execucao: 0.0030938610
solução
5 1 3 2 6 4 
2 4 6 1 5 3 
6 2 5 4 3 1 
1 3 4 6 2 5 
4 5 2 3 1 6 
3 6 1 5 4 2 
Colori 36
Tempo de execucao: 0.0007194900
solução
5 1 3 2 6 4 
2 4 6 1 5 3 
6 2 5 4 3 1 
1 3 4 6 2 5 
4 5 2 3 1 6 
3 6 1 5 4 2 
Colori 36
Tempo de execucao: 0.0005779710
solução
5 1 3 2 6 4 
2 4 6 1 5 3 
6 2 5 4 3 1 
1 3 4 6 2 5 
4 5 2 3 1 6 
3 6 1 5 4 2 
Colori 36
Tempo de execucao: 0.0006844170
solução
5 1 3 2 6 4 
2 4 6 1 5 3 
6 2 5 4 3 1 
1 3 4 6 2 5 
4 5 2 3 1 6 
3 6 1 5 4 2 
Colori 36
Tempo de execucao: 0.0055180050
solução
5 1 3 2 6 4 
2 4 6 1 5 3 
6 2 5 4 3 1 
1 3 4 6 2 5 
4 5 2 3 1 6 
3 6 1 5 4 2 
Colori 36
Tempo de execucao: 0.0006932030
solução
5 1 3 2 6 4 
2 4 6 1 5 3 
6 2 5 4 3 1 
1 3 4 6 2 5 
4 5 2 3 1 6 
3 6 1 5 4 2 
Colori 36
Tempo de execucao: 0.0005800900
solução
5 1 3 2 6 4 
2 4 6 1 5 3 
6 2 5 4 3 1 
1 3 4 6 2 5 
4 5 2 3 1 6 
3 6 1 5 4 2 
Colori 36
Tempo de execucao: 0.0006487030
solução
5 1 3 2 6 4 
2 4 6 1 5 3 
6 2 5 4 3 1 
1 3 4 6 2 5 
4 5 2 3 1 6 
3 6 1 5 4 2 
Colori 36
Tempo de execucao: 0.0006153120
solução
5 1 3 2 6 4 
2 4 6 1 5 3 
6 2 5 4 3 1 
1 3 4 6 2 5 
4 5 2 3 1 6 
3 6 1 5 4 2 
Colori 36
Tempo de execucao: 0.0005582100
solução
5 1 3 2 6 4 
2 4 6 1 5 3 
6 2 5 4 3 1 
1 3 4 6 2 5 
4 5 2 3 1 6 
3 6 1 5 4 2 
Colori 36
Tempo de execucao: 0.0006203540
solução
5 1 3 2 6 4 
2 4 6 1 5 3 
6 2 5 4 3 1 
1 3 4 6 2 5 
4 5 2 3 1 6 
3 6 1 5 4 2 
Colori 36
Tempo de execucao: 0.0006612330
solução
5 1 3 2 6 4 
2 4 6 1 5 3 
6 2 5 4 3 1 
1 3 4 6 2 5 
4 5 2 3 1 6 
3 6 1 5 4 2 
Colori 36
Tempo de execucao: 0.0006152180
solução
5 1 3 2 6 4 
2 4 6 1 5 3 
6 2 5 4 3 1 
1 3 4 6 2 5 
4 5 2 3 1 6 
3 6 1 5 4 2 
Colori 36
Tempo de execucao: 0.0005629120
solução
5 1 3 2 6 4 
2 4 6 1 5 3 
6 2 5 4 3 1 
1 3 4 6 2 5 
4 5 2 3 1 6 
3 6 1 5 4 2 
Colori 36
Tempo de execucao: 0.0006986270
solução
5 1 3 2 6 4 
2 4 6 1 5 3 
6 2 5 4 3 1 
1 3 4 6 2 5 
4 5 2 3 1 6 
3 6 1 5 4 2 
Colori 36
Tempo de execucao: 0.0006200370
solução
5 1 3 2 6 4 
2 4 6 1 5 3 
6 2 5 4 3 1 
1 3 4 6 2 5 
4 5 2 3 1 6 
3 6 1 5 4 2 
Colori 36
Tempo de execucao: 0.0005834650
solução
5 1 3 2 6 4 
2 4 6 1 5 3 
6 2 5 4 3 1 
1 3 4 6 2 5 
4 5 2 3 1 6 
3 6 1 5 4 2 
Colori 36
Tempo de execucao: 0.0009603070
solução
5 1 3 2 6 4 
2 4 6 1 5 3 
6 2 5 4 3 1 
1 3 4 6 2 5 
4 5 2 3 1 6 
3 6 1 5 4 2 
Colori 36
Tempo de execucao: 0.0005761490
solução
5 1 3 2 6 4 
2 4 6 1 5 3 
6 2 5 4 3 1 
1 3 4 6 2 5 
4 5 2 3 1 6 
3 6 1 5 4 2 
Colori 36
Tempo de execucao: 0.0005936790
solução
5 1 3 2 6 4 
2 4 6 1 5 3 
6 2 5 4 3 1 
1 3 4 6 2 5 
4 5 2 3 1 6 
3 6 1 5 4 2 
Colori 36
Tempo de execucao: 0.0005986510
solução
5 1 3 2 6 4 
2 4 6 1 5 3 
6 2 5 4 3 1 
1 3 4 6 2 5 
4 5 2 3 1 6 
3 6 1 5 4 2 
Colori 36
Tempo de execucao: 0.0006880580
solução
5 1 3 2 6 4 
2 4 6 1 5 3 
6 2 5 4 3 1 
1 3 4 6 2 5 
4 5 2 3 1 6 
3 6 1 5 4 2 
Colori 36
Tempo de execucao: 0.0006399260
solução
5 1 3 2 6 4 
2 4 6 1 5 3 
6 2 5 4 3 1 
1 3 4 6 2 5 
4 5 2 3 1 6 
3 6 1 5 4 2 
Colori 36
Tempo de execucao: 0.0006580840
solução
5 1 3 2 6 4 
2 4 6 1 5 3 
6 2 5 4 3 1 
1 3 4 6 2 5 
4 5 2 3 1 6 
3 6 1 5 4 2 
Colori 36
Tempo de execucao: 0.0005902010
solução
5 1 3 2 6 4 
2 4 6 1 5 3 
6 2 5 4 3 1 
1 3 4 6 2 5 
4 5 2 3 1 6 
3 6 1 5 4 2 
Colori 36
Tempo de execucao: 0.0005791210
solução
5 1 3 2 6 4 
2 4 6 1 5 3 
6 2 5 4 3 1 
1 3 4 6 2 5 
4 5 2 3 1 6 
3 6 1 5 4 2 
Colori 36
Tempo de execucao: 0.0005613200
solução
5 1 3 2 6 4 
2 4 6 1 5 3 
6 2 5 4 3 1 
1 3 4 6 2 5 
4 5 2 3 1 6 
3 6 1 5 4 2 
Colori 36
Tempo de execucao: 0.0005624480
solução
5 1 3 2 6 4 
2 4 6 1 5 3 
6 2 5 4 3 1 
1 3 4 6 2 5 
4 5 2 3 1 6 
3 6 1 5 4 2 
Colori 36
Tempo de execucao: 0.0006357730
solução
5 1 3 2 6 4 
2 4 6 1 5 3 
6 2 5 4 3 1 
1 3 4 6 2 5 
4 5 2 3 1 6 
3 6 1 5 4 2 
Colori 36
Tempo de execucao: 0.0006362540
solução
5 1 3 2 6 4 
2 4 6 1 5 3 
6 2 5 4 3 1 
1 3 4 6 2 5 
4 5 2 3 1 6 
3 6 1 5 4 2 
Colori 36
Tempo de execucao: 0.0005938180
solução
5 1 3 2 6 4 
2 4 6 1 5 3 
6 2 5 4 3 1 
1 3 4 6 2 5 
4 5 2 3 1 6 
3 6 1 5 4 2 
Colori 36
Tempo de execucao: 0.0006321540
solução
5 1 3 2 6 4 
2 4 6 1 5 3 
6 2 5 4 3 1 
1 3 4 6 2 5 
4 5 2 3 1 6 
3 6 1 5 4 2 
Colori 36
Tempo de execucao: 0.0006020320
solução
5 1 3 2 6 4 
2 4 6 1 5 3 
6 2 5 4 3 1 
1 3 4 6 2 5 
4 5 2 3 1 6 
3 6 1 5 4 2 
Colori 36
Tempo de execucao: 0.0006253940
solução
5 1 3 2 6 4 
2 4 6 1 5 3 
6 2 5 4 3 1 
1 3 4 6 2 5 
4 5 2 3 1 6 
3 6 1 5 4 2 
Colori 36
Tempo de execucao: 0.0005849560
solução
5 1 3 2 6 4 
2 4 6 1 5 3 
6 2 5 4 3 1 
1 3 4 6 2 5 
4 5 2 3 1 6 
3 6 1 5 4 2 
Colori 36
Tempo de execucao: 0.0005808170
solução
5 1 3 2 6 4 
2 4 6 1 5 3 
6 2 5 4 3 1 
1 3 4 6 2 5 
4 5 2 3 1 6 
3 6 1 5 4 2 
Colori 36
Tempo de execucao: 0.0006282960
solução
5 1 3 2 6 4 
2 4 6 1 5 3 
6 2 5 4 3 1 
1 3 4 6 2 5 
4 5 2 3 1 6 
3 6 1 5 4 2 
Colori 36
Tempo de execucao: 0.0006186560
solução
5 1 3 2 6 4 
2 4 6 1 5 3 
6 2 5 4 3 1 
1 3 4 6 2 5 
4 5 2 3 1 6 
3 6 1 5 4 2 
Colori 36
Tempo de execucao: 0.0006257090
solução
5 1 3 2 6 4 
2 4 6 1 5 3 
6 2 5 4 3 1 
1 3 4 6 2 5 
4 5 2 3 1 6 
3 6 1 5 4 2 
Colori 36
Tempo de execucao: 0.0006654440
solução
5 1 3 2 6 4 
2 4 6 1 5 3 
6 2 5 4 3 1 
1 3 4 6 2 5 
4 5 2 3 1 6 
3 6 1 5 4 2 
Colori 36
Tempo de execucao: 0.0006022880
solução
5 1 3 2 6 4 
2 4 6 1 5 3 
6 2 5 4 3 1 
1 3 4 6 2 5 
4 5 2 3 1 6 
3 6 1 5 4 2 
Colori 36
Tempo de execucao: 0.0005789260
solução
5 1 3 2 6 4 
2 4 6 1 5 3 
6 2 5 4 3 1 
1 3 4 6 2 5 
4 5 2 3 1 6 
3 6 1 5 4 2 
Colori 36
Tempo de execucao: 0.0006600700
solução
5 1 3 2 6 4 
2 4 6 1 5 3 
6 2 5 4 3 1 
1 3 4 6 2 5 
4 5 2 3 1 6 
3 6 1 5 4 2 
Colori 36
Tempo de execucao: 0.0006694480
solução
5 1 3 2 6 4 
2 4 6 1 5 3 
6 2 5 4 3 1 
1 3 4 6 2 5 
4 5 2 3 1 6 
3 6 1 5 4 2 
Colori 36
Tempo de execucao: 0.0005819950
solução
5 1 3 2 6 4 
2 4 6 1 5 3 
6 2 5 4 3 1 
1 3 4 6 2 5 
4 5 2 3 1 6 
3 6 1 5 4 2 
Colori 36
Tempo de execucao: 0.0006784770
solução
5 1 3 2 6 4 
2 4 6 1 5 3 
6 2 5 4 3 1 
1 3 4 6 2 5 
4 5 2 3 1 6 
3 6 1 5 4 2 
Colori 36
Tempo de execucao: 0.0006238400
solução
5 1 3 2 6 4 
2 4 6 1 5 3 
6 2 5 4 3 1 
1 3 4 6 2 5 
4 5 2 3 1 6 
3 6 1 5 4 2 
Colori 36
Tempo de execucao: 0.0005966490
solução
5 1 3 2 6 4 
2 4 6 1 5 3 
6 2 5 4 3 1 
1 3 4 6 2 5 
4 5 2 3 1 6 
3 6 1 5 4 2 
Colori 36
Tempo de execucao: 0.0007119840
solução
5 1 3 2 6 4 
2 4 6 1 5 3 
6 2 5 4 3 1 
1 3 4 6 2 5 
4 5 2 3 1 6 
3 6 1 5 4 2 
Colori 36
Tempo de execucao: 0.0006616430
solução
5 1 3 2 6 4 
2 4 6 1 5 3 
6 2 5 4 3 1 
1 3 4 6 2 5 
4 5 2 3 1 6 
3 6 1 5 4 2 
Colori 36
Tempo de execucao: 0.0007069400
solução
5 1 3 2 6 4 
2 4 6 1 5 3 
6 2 5 4 3 1 
1 3 4 6 2 5 
4 5 2 3 1 6 
3 6 1 5 4 2 
Colori 36
Tempo de execucao: 0.0005552590
solução
5 1 3 2 6 4 
2 4 6 1 5 3 
6 2 5 4 3 1 
1 3 4 6 2 5 
4 5 2 3 1 6 
3 6 1 5 4 2 
Colori 36
Tempo de execucao: 0.0006074610
solução
5 1 3 2 6 4 
2 4 6 1 5 3 
6 2 5 4 3 1 
1 3 4 6 2 5 
4 5 2 3 1 6 
3 6 1 5 4 2 
Colori 36
Tempo de execucao: 0.0005743120
solução
5 1 3 2 6 4 
2 4 6 1 5 3 
6 2 5 4 3 1 
1 3 4 6 2 5 
4 5 2 3 1 6 
3 6 1 5 4 2 
Colori 36
Tempo de execucao: 0.0007158600
solução
5 1 3 2 6 4 
2 4 6 1 5 3 
6 2 5 4 3 1 
1 3 4 6 2 5 
4 5 2 3 1 6 
3 6 1 5 4 2 
Colori 36
Tempo de execucao: 0.0006626860
solução
5 1 3 2 6 4 
2 4 6 1 5 3 
6 2 5 4 3 1 
1 3 4 6 2 5 
4 5 2 3 1 6 
3 6 1 5 4 2 
Colori 36
Tempo de execucao: 0.0006317800
solução
5 1 3 2 6 4 
2 4 6 1 5 3 
6 2 5 4 3 1 
1 3 4 6 2 5 
4 5 2 3 1 6 
3 6 1 5 4 2 
Colori 36
Tempo de execucao: 0.0005616000
solução
5 1 3 2 6 4 
2 4 6 1 5 3 
6 2 5 4 3 1 
1 3 4 6 2 5 
4 5 2 3 1 6 
3 6 1 5 4 2 
Colori 36
Tempo de execucao: 0.0006423490
solução
5 1 3 2 6 4 
2 4 6 1 5 3 
6 2 5 4 3 1 
1 3 4 6 2 5 
4 5 2 3 1 6 
3 6 1 5 4 2 
Colori 36
Tempo de execucao: 0.0006282640
solução
5 1 3 2 6 4 
2 4 6 1 5 3 
6 2 5 4 3 1 
1 3 4 6 2 5 
4 5 2 3 1 6 
3 6 1 5 4 2 
Colori 36
Tempo de execucao: 0.0005559630
solução
5 1 3 2 6 4 
2 4 6 1 5 3 
6 2 5 4 3 1 
1 3 4 6 2 5 
4 5 2 3 1 6 
3 6 1 5 4 2 
Colori 36
Tempo de execucao: 0.0005669700
solução
5 1 3 2 6 4 
2 4 6 1 5 3 
6 2 5 4 3 1 
1 3 4 6 2 5 
4 5 2 3 1 6 
3 6 1 5 4 2 
Colori 36
Tempo de execucao: 0.0005739380
solução
5 1 3 2 6 4 
2 4 6 1 5 3 
6 2 5 4 3 1 
1 3 4 6 2 5 
4 5 2 3 1 6 
3 6 1 5 4 2 
Colori 36
Tempo de execucao: 0.0006972960
solução
5 1 3 2 6 4 
2 4 6 1 5 3 
6 2 5 4 3 1 
1 3 4 6 2 5 
4 5 2 3 1 6 
3 6 1 5 4 2 
Colori 36
Tempo de execucao: 0.0005575530
solução
5 1 3 2 6 4 
2 4 6 1 5 3 
6 2 5 4 3 1 
1 3 4 6 2 5 
4 5 2 3 1 6 
3 6 1 5 4 2 
Colori 36
Tempo de execucao: 0.0006313470
solução
5 1 3 2 6 4 
2 4 6 1 5 3 
6 2 5 4 3 1 
1 3 4 6 2 5 
4 5 2 3 1 6 
3 6 1 5 4 2 
Colori 36
Tempo de execucao: 0.0005611210
solução
5 1 3 2 6 4 
2 4 6 1 5 3 
6 2 5 4 3 1 
1 3 4 6 2 5 
4 5 2 3 1 6 
3 6 1 5 4 2 
Colori 36
Tempo de execucao: 0.0005801780
solução
5 1 3 2 6 4 
2 4 6 1 5 3 
6 2 5 4 3 1 
1 3 4 6 2 5 
4 5 2 3 1 6 
3 6 1 5 4 2 
Colori 36
Tempo de execucao: 0.0006256600
solução
5 1 3 2 6 4 
2 4 6 1 5 3 
6 2 5 4 3 1 
1 3 4 6 2 5 
4 5 2 3 1 6 
3 6 1 5 4 2 
Colori 36
Tempo de execucao: 0.0006038160
solução
5 1 3 2 6 4 
2 4 6 1 5 3 
6 2 5 4 3 1 
1 3 4 6 2 5 
4 5 2 3 1 6 
3 6 1 5 4 2 
Colori 36
Tempo de execucao: 0.0005664640
solução
5 1 3 2 6 4 
2 4 6 1 5 3 
6 2 5 4 3 1 
1 3 4 6 2 5 
4 5 2 3 1 6 
3 6 1 5 4 2 
Colori 36
Tempo de execucao: 0.0006181780
solução
5 1 3 2 6 4 
2 4 6 1 5 3 
6 2 5 4 3 1 
1 3 4 6 2 5 
4 5 2 3 1 6 
3 6 1 5 4 2 
Colori 36
Tempo de execucao: 0.0008642170
solução
5 1 3 2 6 4 
2 4 6 1 5 3 
6 2 5 4 3 1 
1 3 4 6 2 5 
4 5 2 3 1 6 
3 6 1 5 4 2 
Colori 36
Tempo de execucao: 0.0009843880
solução
5 1 3 2 6 4 
2 4 6 1 5 3 
6 2 5 4 3 1 
1 3 4 6 2 5 
4 5 2 3 1 6 
3 6 1 5 4 2 
Colori 36
Tempo de execucao: 0.0006089490
solução
5 1 3 2 6 4 
2 4 6 1 5 3 
6 2 5 4 3 1 
1 3 4 6 2 5 
4 5 2 3 1 6 
3 6 1 5 4 2 
Colori 36
Tempo de execucao: 0.0006547190
solução
5 1 3 2 6 4 
2 4 6 1 5 3 
6 2 5 4 3 1 
1 3 4 6 2 5 
4 5 2 3 1 6 
3 6 1 5 4 2 
Colori 36
Tempo de execucao: 0.0005597880
solução
5 1 3 2 6 4 
2 4 6 1 5 3 
6 2 5 4 3 1 
1 3 4 6 2 5 
4 5 2 3 1 6 
3 6 1 5 4 2 
Colori 36
Tempo de execucao: 0.0005769170
solução
5 1 3 2 6 4 
2 4 6 1 5 3 
6 2 5 4 3 1 
1 3 4 6 2 5 
4 5 2 3 1 6 
3 6 1 5 4 2 
Colori 36
Tempo de execucao: 0.0006182050
solução
5 1 3 2 6 4 
2 4 6 1 5 3 
6 2 5 4 3 1 
1 3 4 6 2 5 
4 5 2 3 1 6 
3 6 1 5 4 2 
Colori 36
Tempo de execucao: 0.0005869250
