solução
6 7 8 1 3 5 2 4 
3 2 5 4 7 6 1 8 
1 4 6 2 5 8 7 3 
7 8 3 5 2 1 4 6 
2 3 1 6 8 4 5 7 
4 5 7 8 1 3 6 2 
5 6 2 3 4 7 8 1 
8 1 4 7 6 2 3 5 
Colori 64
Tempo de execucao: 0.0025424350
solução
6 7 8 1 3 5 2 4 
3 2 5 4 7 6 1 8 
1 4 6 2 5 8 7 3 
7 8 3 5 2 1 4 6 
2 3 1 6 8 4 5 7 
4 5 7 8 1 3 6 2 
5 6 2 3 4 7 8 1 
8 1 4 7 6 2 3 5 
Colori 64
Tempo de execucao: 0.0018613580
solução
6 7 8 1 3 5 2 4 
3 2 5 4 7 6 1 8 
1 4 6 2 5 8 7 3 
7 8 3 5 2 1 4 6 
2 3 1 6 8 4 5 7 
4 5 7 8 1 3 6 2 
5 6 2 3 4 7 8 1 
8 1 4 7 6 2 3 5 
Colori 64
Tempo de execucao: 0.0019296670
solução
6 7 8 1 3 5 2 4 
3 2 5 4 7 6 1 8 
1 4 6 2 5 8 7 3 
7 8 3 5 2 1 4 6 
2 3 1 6 8 4 5 7 
4 5 7 8 1 3 6 2 
5 6 2 3 4 7 8 1 
8 1 4 7 6 2 3 5 
Colori 64
Tempo de execucao: 0.0018637540
solução
6 7 8 1 3 5 2 4 
3 2 5 4 7 6 1 8 
1 4 6 2 5 8 7 3 
7 8 3 5 2 1 4 6 
2 3 1 6 8 4 5 7 
4 5 7 8 1 3 6 2 
5 6 2 3 4 7 8 1 
8 1 4 7 6 2 3 5 
Colori 64
Tempo de execucao: 0.0019569940
solução
6 7 8 1 3 5 2 4 
3 2 5 4 7 6 1 8 
1 4 6 2 5 8 7 3 
7 8 3 5 2 1 4 6 
2 3 1 6 8 4 5 7 
4 5 7 8 1 3 6 2 
5 6 2 3 4 7 8 1 
8 1 4 7 6 2 3 5 
Colori 64
Tempo de execucao: 0.0018393500
solução
6 7 8 1 3 5 2 4 
3 2 5 4 7 6 1 8 
1 4 6 2 5 8 7 3 
7 8 3 5 2 1 4 6 
2 3 1 6 8 4 5 7 
4 5 7 8 1 3 6 2 
5 6 2 3 4 7 8 1 
8 1 4 7 6 2 3 5 
Colori 64
Tempo de execucao: 0.0018649540
solução
6 7 8 1 3 5 2 4 
3 2 5 4 7 6 1 8 
1 4 6 2 5 8 7 3 
7 8 3 5 2 1 4 6 
2 3 1 6 8 4 5 7 
4 5 7 8 1 3 6 2 
5 6 2 3 4 7 8 1 
8 1 4 7 6 2 3 5 
Colori 64
Tempo de execucao: 0.0029950490
solução
6 7 8 1 3 5 2 4 
3 2 5 4 7 6 1 8 
1 4 6 2 5 8 7 3 
7 8 3 5 2 1 4 6 
2 3 1 6 8 4 5 7 
4 5 7 8 1 3 6 2 
5 6 2 3 4 7 8 1 
8 1 4 7 6 2 3 5 
Colori 64
Tempo de execucao: 0.0018016450
solução
6 7 8 1 3 5 2 4 
3 2 5 4 7 6 1 8 
1 4 6 2 5 8 7 3 
7 8 3 5 2 1 4 6 
2 3 1 6 8 4 5 7 
4 5 7 8 1 3 6 2 
5 6 2 3 4 7 8 1 
8 1 4 7 6 2 3 5 
Colori 64
Tempo de execucao: 0.0017655440
solução
6 7 8 1 3 5 2 4 
3 2 5 4 7 6 1 8 
1 4 6 2 5 8 7 3 
7 8 3 5 2 1 4 6 
2 3 1 6 8 4 5 7 
4 5 7 8 1 3 6 2 
5 6 2 3 4 7 8 1 
8 1 4 7 6 2 3 5 
Colori 64
Tempo de execucao: 0.0019961800
solução
6 7 8 1 3 5 2 4 
3 2 5 4 7 6 1 8 
1 4 6 2 5 8 7 3 
7 8 3 5 2 1 4 6 
2 3 1 6 8 4 5 7 
4 5 7 8 1 3 6 2 
5 6 2 3 4 7 8 1 
8 1 4 7 6 2 3 5 
Colori 64
Tempo de execucao: 0.0018701290
solução
6 7 8 1 3 5 2 4 
3 2 5 4 7 6 1 8 
1 4 6 2 5 8 7 3 
7 8 3 5 2 1 4 6 
2 3 1 6 8 4 5 7 
4 5 7 8 1 3 6 2 
5 6 2 3 4 7 8 1 
8 1 4 7 6 2 3 5 
Colori 64
Tempo de execucao: 0.0018717580
solução
6 7 8 1 3 5 2 4 
3 2 5 4 7 6 1 8 
1 4 6 2 5 8 7 3 
7 8 3 5 2 1 4 6 
2 3 1 6 8 4 5 7 
4 5 7 8 1 3 6 2 
5 6 2 3 4 7 8 1 
8 1 4 7 6 2 3 5 
Colori 64
Tempo de execucao: 0.0018833790
solução
6 7 8 1 3 5 2 4 
3 2 5 4 7 6 1 8 
1 4 6 2 5 8 7 3 
7 8 3 5 2 1 4 6 
2 3 1 6 8 4 5 7 
4 5 7 8 1 3 6 2 
5 6 2 3 4 7 8 1 
8 1 4 7 6 2 3 5 
Colori 64
Tempo de execucao: 0.0018799000
solução
6 7 8 1 3 5 2 4 
3 2 5 4 7 6 1 8 
1 4 6 2 5 8 7 3 
7 8 3 5 2 1 4 6 
2 3 1 6 8 4 5 7 
4 5 7 8 1 3 6 2 
5 6 2 3 4 7 8 1 
8 1 4 7 6 2 3 5 
Colori 64
Tempo de execucao: 0.0046675280
solução
6 7 8 1 3 5 2 4 
3 2 5 4 7 6 1 8 
1 4 6 2 5 8 7 3 
7 8 3 5 2 1 4 6 
2 3 1 6 8 4 5 7 
4 5 7 8 1 3 6 2 
5 6 2 3 4 7 8 1 
8 1 4 7 6 2 3 5 
Colori 64
Tempo de execucao: 0.0017715490
solução
6 7 8 1 3 5 2 4 
3 2 5 4 7 6 1 8 
1 4 6 2 5 8 7 3 
7 8 3 5 2 1 4 6 
2 3 1 6 8 4 5 7 
4 5 7 8 1 3 6 2 
5 6 2 3 4 7 8 1 
8 1 4 7 6 2 3 5 
Colori 64
Tempo de execucao: 0.0017139030
solução
6 7 8 1 3 5 2 4 
3 2 5 4 7 6 1 8 
1 4 6 2 5 8 7 3 
7 8 3 5 2 1 4 6 
2 3 1 6 8 4 5 7 
4 5 7 8 1 3 6 2 
5 6 2 3 4 7 8 1 
8 1 4 7 6 2 3 5 
Colori 64
Tempo de execucao: 0.0023187660
solução
6 7 8 1 3 5 2 4 
3 2 5 4 7 6 1 8 
1 4 6 2 5 8 7 3 
7 8 3 5 2 1 4 6 
2 3 1 6 8 4 5 7 
4 5 7 8 1 3 6 2 
5 6 2 3 4 7 8 1 
8 1 4 7 6 2 3 5 
Colori 64
Tempo de execucao: 0.0017424440
solução
6 7 8 1 3 5 2 4 
3 2 5 4 7 6 1 8 
1 4 6 2 5 8 7 3 
7 8 3 5 2 1 4 6 
2 3 1 6 8 4 5 7 
4 5 7 8 1 3 6 2 
5 6 2 3 4 7 8 1 
8 1 4 7 6 2 3 5 
Colori 64
Tempo de execucao: 0.0017808780
solução
6 7 8 1 3 5 2 4 
3 2 5 4 7 6 1 8 
1 4 6 2 5 8 7 3 
7 8 3 5 2 1 4 6 
2 3 1 6 8 4 5 7 
4 5 7 8 1 3 6 2 
5 6 2 3 4 7 8 1 
8 1 4 7 6 2 3 5 
Colori 64
Tempo de execucao: 0.0018771120
solução
6 7 8 1 3 5 2 4 
3 2 5 4 7 6 1 8 
1 4 6 2 5 8 7 3 
7 8 3 5 2 1 4 6 
2 3 1 6 8 4 5 7 
4 5 7 8 1 3 6 2 
5 6 2 3 4 7 8 1 
8 1 4 7 6 2 3 5 
Colori 64
Tempo de execucao: 0.0017664130
solução
6 7 8 1 3 5 2 4 
3 2 5 4 7 6 1 8 
1 4 6 2 5 8 7 3 
7 8 3 5 2 1 4 6 
2 3 1 6 8 4 5 7 
4 5 7 8 1 3 6 2 
5 6 2 3 4 7 8 1 
8 1 4 7 6 2 3 5 
Colori 64
Tempo de execucao: 0.0036289450
solução
6 7 8 1 3 5 2 4 
3 2 5 4 7 6 1 8 
1 4 6 2 5 8 7 3 
7 8 3 5 2 1 4 6 
2 3 1 6 8 4 5 7 
4 5 7 8 1 3 6 2 
5 6 2 3 4 7 8 1 
8 1 4 7 6 2 3 5 
Colori 64
Tempo de execucao: 0.0023281590
solução
6 7 8 1 3 5 2 4 
3 2 5 4 7 6 1 8 
1 4 6 2 5 8 7 3 
7 8 3 5 2 1 4 6 
2 3 1 6 8 4 5 7 
4 5 7 8 1 3 6 2 
5 6 2 3 4 7 8 1 
8 1 4 7 6 2 3 5 
Colori 64
Tempo de execucao: 0.0017682140
solução
6 7 8 1 3 5 2 4 
3 2 5 4 7 6 1 8 
1 4 6 2 5 8 7 3 
7 8 3 5 2 1 4 6 
2 3 1 6 8 4 5 7 
4 5 7 8 1 3 6 2 
5 6 2 3 4 7 8 1 
8 1 4 7 6 2 3 5 
Colori 64
Tempo de execucao: 0.0019901050
solução
6 7 8 1 3 5 2 4 
3 2 5 4 7 6 1 8 
1 4 6 2 5 8 7 3 
7 8 3 5 2 1 4 6 
2 3 1 6 8 4 5 7 
4 5 7 8 1 3 6 2 
5 6 2 3 4 7 8 1 
8 1 4 7 6 2 3 5 
Colori 64
Tempo de execucao: 0.0017827620
solução
6 7 8 1 3 5 2 4 
3 2 5 4 7 6 1 8 
1 4 6 2 5 8 7 3 
7 8 3 5 2 1 4 6 
2 3 1 6 8 4 5 7 
4 5 7 8 1 3 6 2 
5 6 2 3 4 7 8 1 
8 1 4 7 6 2 3 5 
Colori 64
Tempo de execucao: 0.0018426890
solução
6 7 8 1 3 5 2 4 
3 2 5 4 7 6 1 8 
1 4 6 2 5 8 7 3 
7 8 3 5 2 1 4 6 
2 3 1 6 8 4 5 7 
4 5 7 8 1 3 6 2 
5 6 2 3 4 7 8 1 
8 1 4 7 6 2 3 5 
Colori 64
Tempo de execucao: 0.0043886320
solução
6 7 8 1 3 5 2 4 
3 2 5 4 7 6 1 8 
1 4 6 2 5 8 7 3 
7 8 3 5 2 1 4 6 
2 3 1 6 8 4 5 7 
4 5 7 8 1 3 6 2 
5 6 2 3 4 7 8 1 
8 1 4 7 6 2 3 5 
Colori 64
Tempo de execucao: 0.0018565820
solução
6 7 8 1 3 5 2 4 
3 2 5 4 7 6 1 8 
1 4 6 2 5 8 7 3 
7 8 3 5 2 1 4 6 
2 3 1 6 8 4 5 7 
4 5 7 8 1 3 6 2 
5 6 2 3 4 7 8 1 
8 1 4 7 6 2 3 5 
Colori 64
Tempo de execucao: 0.0018633520
solução
6 7 8 1 3 5 2 4 
3 2 5 4 7 6 1 8 
1 4 6 2 5 8 7 3 
7 8 3 5 2 1 4 6 
2 3 1 6 8 4 5 7 
4 5 7 8 1 3 6 2 
5 6 2 3 4 7 8 1 
8 1 4 7 6 2 3 5 
Colori 64
Tempo de execucao: 0.0019487450
solução
6 7 8 1 3 5 2 4 
3 2 5 4 7 6 1 8 
1 4 6 2 5 8 7 3 
7 8 3 5 2 1 4 6 
2 3 1 6 8 4 5 7 
4 5 7 8 1 3 6 2 
5 6 2 3 4 7 8 1 
8 1 4 7 6 2 3 5 
Colori 64
Tempo de execucao: 0.0017748840
solução
6 7 8 1 3 5 2 4 
3 2 5 4 7 6 1 8 
1 4 6 2 5 8 7 3 
7 8 3 5 2 1 4 6 
2 3 1 6 8 4 5 7 
4 5 7 8 1 3 6 2 
5 6 2 3 4 7 8 1 
8 1 4 7 6 2 3 5 
Colori 64
Tempo de execucao: 0.0018604310
solução
6 7 8 1 3 5 2 4 
3 2 5 4 7 6 1 8 
1 4 6 2 5 8 7 3 
7 8 3 5 2 1 4 6 
2 3 1 6 8 4 5 7 
4 5 7 8 1 3 6 2 
5 6 2 3 4 7 8 1 
8 1 4 7 6 2 3 5 
Colori 64
Tempo de execucao: 0.0019695870
solução
6 7 8 1 3 5 2 4 
3 2 5 4 7 6 1 8 
1 4 6 2 5 8 7 3 
7 8 3 5 2 1 4 6 
2 3 1 6 8 4 5 7 
4 5 7 8 1 3 6 2 
5 6 2 3 4 7 8 1 
8 1 4 7 6 2 3 5 
Colori 64
Tempo de execucao: 0.0019198480
solução
6 7 8 1 3 5 2 4 
3 2 5 4 7 6 1 8 
1 4 6 2 5 8 7 3 
7 8 3 5 2 1 4 6 
2 3 1 6 8 4 5 7 
4 5 7 8 1 3 6 2 
5 6 2 3 4 7 8 1 
8 1 4 7 6 2 3 5 
Colori 64
Tempo de execucao: 0.0018492020
solução
6 7 8 1 3 5 2 4 
3 2 5 4 7 6 1 8 
1 4 6 2 5 8 7 3 
7 8 3 5 2 1 4 6 
2 3 1 6 8 4 5 7 
4 5 7 8 1 3 6 2 
5 6 2 3 4 7 8 1 
8 1 4 7 6 2 3 5 
Colori 64
Tempo de execucao: 0.0020527560
solução
6 7 8 1 3 5 2 4 
3 2 5 4 7 6 1 8 
1 4 6 2 5 8 7 3 
7 8 3 5 2 1 4 6 
2 3 1 6 8 4 5 7 
4 5 7 8 1 3 6 2 
5 6 2 3 4 7 8 1 
8 1 4 7 6 2 3 5 
Colori 64
Tempo de execucao: 0.0018704910
solução
6 7 8 1 3 5 2 4 
3 2 5 4 7 6 1 8 
1 4 6 2 5 8 7 3 
7 8 3 5 2 1 4 6 
2 3 1 6 8 4 5 7 
4 5 7 8 1 3 6 2 
5 6 2 3 4 7 8 1 
8 1 4 7 6 2 3 5 
Colori 64
Tempo de execucao: 0.0037077960
solução
6 7 8 1 3 5 2 4 
3 2 5 4 7 6 1 8 
1 4 6 2 5 8 7 3 
7 8 3 5 2 1 4 6 
2 3 1 6 8 4 5 7 
4 5 7 8 1 3 6 2 
5 6 2 3 4 7 8 1 
8 1 4 7 6 2 3 5 
Colori 64
Tempo de execucao: 0.0017698550
solução
6 7 8 1 3 5 2 4 
3 2 5 4 7 6 1 8 
1 4 6 2 5 8 7 3 
7 8 3 5 2 1 4 6 
2 3 1 6 8 4 5 7 
4 5 7 8 1 3 6 2 
5 6 2 3 4 7 8 1 
8 1 4 7 6 2 3 5 
Colori 64
Tempo de execucao: 0.0021003990
solução
6 7 8 1 3 5 2 4 
3 2 5 4 7 6 1 8 
1 4 6 2 5 8 7 3 
7 8 3 5 2 1 4 6 
2 3 1 6 8 4 5 7 
4 5 7 8 1 3 6 2 
5 6 2 3 4 7 8 1 
8 1 4 7 6 2 3 5 
Colori 64
Tempo de execucao: 0.0018842730
solução
6 7 8 1 3 5 2 4 
3 2 5 4 7 6 1 8 
1 4 6 2 5 8 7 3 
7 8 3 5 2 1 4 6 
2 3 1 6 8 4 5 7 
4 5 7 8 1 3 6 2 
5 6 2 3 4 7 8 1 
8 1 4 7 6 2 3 5 
Colori 64
Tempo de execucao: 0.0019925840
solução
6 7 8 1 3 5 2 4 
3 2 5 4 7 6 1 8 
1 4 6 2 5 8 7 3 
7 8 3 5 2 1 4 6 
2 3 1 6 8 4 5 7 
4 5 7 8 1 3 6 2 
5 6 2 3 4 7 8 1 
8 1 4 7 6 2 3 5 
Colori 64
Tempo de execucao: 0.0019554200
solução
6 7 8 1 3 5 2 4 
3 2 5 4 7 6 1 8 
1 4 6 2 5 8 7 3 
7 8 3 5 2 1 4 6 
2 3 1 6 8 4 5 7 
4 5 7 8 1 3 6 2 
5 6 2 3 4 7 8 1 
8 1 4 7 6 2 3 5 
Colori 64
Tempo de execucao: 0.0022201010
solução
6 7 8 1 3 5 2 4 
3 2 5 4 7 6 1 8 
1 4 6 2 5 8 7 3 
7 8 3 5 2 1 4 6 
2 3 1 6 8 4 5 7 
4 5 7 8 1 3 6 2 
5 6 2 3 4 7 8 1 
8 1 4 7 6 2 3 5 
Colori 64
Tempo de execucao: 0.0018666360
solução
6 7 8 1 3 5 2 4 
3 2 5 4 7 6 1 8 
1 4 6 2 5 8 7 3 
7 8 3 5 2 1 4 6 
2 3 1 6 8 4 5 7 
4 5 7 8 1 3 6 2 
5 6 2 3 4 7 8 1 
8 1 4 7 6 2 3 5 
Colori 64
Tempo de execucao: 0.0059292690
solução
6 7 8 1 3 5 2 4 
3 2 5 4 7 6 1 8 
1 4 6 2 5 8 7 3 
7 8 3 5 2 1 4 6 
2 3 1 6 8 4 5 7 
4 5 7 8 1 3 6 2 
5 6 2 3 4 7 8 1 
8 1 4 7 6 2 3 5 
Colori 64
Tempo de execucao: 0.0018489060
solução
6 7 8 1 3 5 2 4 
3 2 5 4 7 6 1 8 
1 4 6 2 5 8 7 3 
7 8 3 5 2 1 4 6 
2 3 1 6 8 4 5 7 
4 5 7 8 1 3 6 2 
5 6 2 3 4 7 8 1 
8 1 4 7 6 2 3 5 
Colori 64
Tempo de execucao: 0.0018695660
solução
6 7 8 1 3 5 2 4 
3 2 5 4 7 6 1 8 
1 4 6 2 5 8 7 3 
7 8 3 5 2 1 4 6 
2 3 1 6 8 4 5 7 
4 5 7 8 1 3 6 2 
5 6 2 3 4 7 8 1 
8 1 4 7 6 2 3 5 
Colori 64
Tempo de execucao: 0.0018441630
solução
6 7 8 1 3 5 2 4 
3 2 5 4 7 6 1 8 
1 4 6 2 5 8 7 3 
7 8 3 5 2 1 4 6 
2 3 1 6 8 4 5 7 
4 5 7 8 1 3 6 2 
5 6 2 3 4 7 8 1 
8 1 4 7 6 2 3 5 
Colori 64
Tempo de execucao: 0.0018540370
solução
6 7 8 1 3 5 2 4 
3 2 5 4 7 6 1 8 
1 4 6 2 5 8 7 3 
7 8 3 5 2 1 4 6 
2 3 1 6 8 4 5 7 
4 5 7 8 1 3 6 2 
5 6 2 3 4 7 8 1 
8 1 4 7 6 2 3 5 
Colori 64
Tempo de execucao: 0.0017754080
solução
6 7 8 1 3 5 2 4 
3 2 5 4 7 6 1 8 
1 4 6 2 5 8 7 3 
7 8 3 5 2 1 4 6 
2 3 1 6 8 4 5 7 
4 5 7 8 1 3 6 2 
5 6 2 3 4 7 8 1 
8 1 4 7 6 2 3 5 
Colori 64
Tempo de execucao: 0.0046319120
solução
6 7 8 1 3 5 2 4 
3 2 5 4 7 6 1 8 
1 4 6 2 5 8 7 3 
7 8 3 5 2 1 4 6 
2 3 1 6 8 4 5 7 
4 5 7 8 1 3 6 2 
5 6 2 3 4 7 8 1 
8 1 4 7 6 2 3 5 
Colori 64
Tempo de execucao: 0.0020328160
solução
6 7 8 1 3 5 2 4 
3 2 5 4 7 6 1 8 
1 4 6 2 5 8 7 3 
7 8 3 5 2 1 4 6 
2 3 1 6 8 4 5 7 
4 5 7 8 1 3 6 2 
5 6 2 3 4 7 8 1 
8 1 4 7 6 2 3 5 
Colori 64
Tempo de execucao: 0.0018033980
solução
6 7 8 1 3 5 2 4 
3 2 5 4 7 6 1 8 
1 4 6 2 5 8 7 3 
7 8 3 5 2 1 4 6 
2 3 1 6 8 4 5 7 
4 5 7 8 1 3 6 2 
5 6 2 3 4 7 8 1 
8 1 4 7 6 2 3 5 
Colori 64
Tempo de execucao: 0.0019628840
solução
6 7 8 1 3 5 2 4 
3 2 5 4 7 6 1 8 
1 4 6 2 5 8 7 3 
7 8 3 5 2 1 4 6 
2 3 1 6 8 4 5 7 
4 5 7 8 1 3 6 2 
5 6 2 3 4 7 8 1 
8 1 4 7 6 2 3 5 
Colori 64
Tempo de execucao: 0.0019019370
solução
6 7 8 1 3 5 2 4 
3 2 5 4 7 6 1 8 
1 4 6 2 5 8 7 3 
7 8 3 5 2 1 4 6 
2 3 1 6 8 4 5 7 
4 5 7 8 1 3 6 2 
5 6 2 3 4 7 8 1 
8 1 4 7 6 2 3 5 
Colori 64
Tempo de execucao: 0.0018066620
solução
6 7 8 1 3 5 2 4 
3 2 5 4 7 6 1 8 
1 4 6 2 5 8 7 3 
7 8 3 5 2 1 4 6 
2 3 1 6 8 4 5 7 
4 5 7 8 1 3 6 2 
5 6 2 3 4 7 8 1 
8 1 4 7 6 2 3 5 
Colori 64
Tempo de execucao: 0.0019552520
solução
6 7 8 1 3 5 2 4 
3 2 5 4 7 6 1 8 
1 4 6 2 5 8 7 3 
7 8 3 5 2 1 4 6 
2 3 1 6 8 4 5 7 
4 5 7 8 1 3 6 2 
5 6 2 3 4 7 8 1 
8 1 4 7 6 2 3 5 
Colori 64
Tempo de execucao: 0.0019176890
solução
6 7 8 1 3 5 2 4 
3 2 5 4 7 6 1 8 
1 4 6 2 5 8 7 3 
7 8 3 5 2 1 4 6 
2 3 1 6 8 4 5 7 
4 5 7 8 1 3 6 2 
5 6 2 3 4 7 8 1 
8 1 4 7 6 2 3 5 
Colori 64
Tempo de execucao: 0.0028014090
solução
6 7 8 1 3 5 2 4 
3 2 5 4 7 6 1 8 
1 4 6 2 5 8 7 3 
7 8 3 5 2 1 4 6 
2 3 1 6 8 4 5 7 
4 5 7 8 1 3 6 2 
5 6 2 3 4 7 8 1 
8 1 4 7 6 2 3 5 
Colori 64
Tempo de execucao: 0.0020848560
solução
6 7 8 1 3 5 2 4 
3 2 5 4 7 6 1 8 
1 4 6 2 5 8 7 3 
7 8 3 5 2 1 4 6 
2 3 1 6 8 4 5 7 
4 5 7 8 1 3 6 2 
5 6 2 3 4 7 8 1 
8 1 4 7 6 2 3 5 
Colori 64
Tempo de execucao: 0.0018662880
solução
6 7 8 1 3 5 2 4 
3 2 5 4 7 6 1 8 
1 4 6 2 5 8 7 3 
7 8 3 5 2 1 4 6 
2 3 1 6 8 4 5 7 
4 5 7 8 1 3 6 2 
5 6 2 3 4 7 8 1 
8 1 4 7 6 2 3 5 
Colori 64
Tempo de execucao: 0.0027549450
solução
6 7 8 1 3 5 2 4 
3 2 5 4 7 6 1 8 
1 4 6 2 5 8 7 3 
7 8 3 5 2 1 4 6 
2 3 1 6 8 4 5 7 
4 5 7 8 1 3 6 2 
5 6 2 3 4 7 8 1 
8 1 4 7 6 2 3 5 
Colori 64
Tempo de execucao: 0.0017869870
solução
6 7 8 1 3 5 2 4 
3 2 5 4 7 6 1 8 
1 4 6 2 5 8 7 3 
7 8 3 5 2 1 4 6 
2 3 1 6 8 4 5 7 
4 5 7 8 1 3 6 2 
5 6 2 3 4 7 8 1 
8 1 4 7 6 2 3 5 
Colori 64
Tempo de execucao: 0.0043217490
solução
6 7 8 1 3 5 2 4 
3 2 5 4 7 6 1 8 
1 4 6 2 5 8 7 3 
7 8 3 5 2 1 4 6 
2 3 1 6 8 4 5 7 
4 5 7 8 1 3 6 2 
5 6 2 3 4 7 8 1 
8 1 4 7 6 2 3 5 
Colori 64
Tempo de execucao: 0.0018365510
solução
6 7 8 1 3 5 2 4 
3 2 5 4 7 6 1 8 
1 4 6 2 5 8 7 3 
7 8 3 5 2 1 4 6 
2 3 1 6 8 4 5 7 
4 5 7 8 1 3 6 2 
5 6 2 3 4 7 8 1 
8 1 4 7 6 2 3 5 
Colori 64
Tempo de execucao: 0.0017218000
solução
6 7 8 1 3 5 2 4 
3 2 5 4 7 6 1 8 
1 4 6 2 5 8 7 3 
7 8 3 5 2 1 4 6 
2 3 1 6 8 4 5 7 
4 5 7 8 1 3 6 2 
5 6 2 3 4 7 8 1 
8 1 4 7 6 2 3 5 
Colori 64
Tempo de execucao: 0.0018482630
solução
6 7 8 1 3 5 2 4 
3 2 5 4 7 6 1 8 
1 4 6 2 5 8 7 3 
7 8 3 5 2 1 4 6 
2 3 1 6 8 4 5 7 
4 5 7 8 1 3 6 2 
5 6 2 3 4 7 8 1 
8 1 4 7 6 2 3 5 
Colori 64
Tempo de execucao: 0.0018868260
solução
6 7 8 1 3 5 2 4 
3 2 5 4 7 6 1 8 
1 4 6 2 5 8 7 3 
7 8 3 5 2 1 4 6 
2 3 1 6 8 4 5 7 
4 5 7 8 1 3 6 2 
5 6 2 3 4 7 8 1 
8 1 4 7 6 2 3 5 
Colori 64
Tempo de execucao: 0.0024737590
solução
6 7 8 1 3 5 2 4 
3 2 5 4 7 6 1 8 
1 4 6 2 5 8 7 3 
7 8 3 5 2 1 4 6 
2 3 1 6 8 4 5 7 
4 5 7 8 1 3 6 2 
5 6 2 3 4 7 8 1 
8 1 4 7 6 2 3 5 
Colori 64
Tempo de execucao: 0.0017485560
solução
6 7 8 1 3 5 2 4 
3 2 5 4 7 6 1 8 
1 4 6 2 5 8 7 3 
7 8 3 5 2 1 4 6 
2 3 1 6 8 4 5 7 
4 5 7 8 1 3 6 2 
5 6 2 3 4 7 8 1 
8 1 4 7 6 2 3 5 
Colori 64
Tempo de execucao: 0.0019431420
solução
6 7 8 1 3 5 2 4 
3 2 5 4 7 6 1 8 
1 4 6 2 5 8 7 3 
7 8 3 5 2 1 4 6 
2 3 1 6 8 4 5 7 
4 5 7 8 1 3 6 2 
5 6 2 3 4 7 8 1 
8 1 4 7 6 2 3 5 
Colori 64
Tempo de execucao: 0.0021520710
solução
6 7 8 1 3 5 2 4 
3 2 5 4 7 6 1 8 
1 4 6 2 5 8 7 3 
7 8 3 5 2 1 4 6 
2 3 1 6 8 4 5 7 
4 5 7 8 1 3 6 2 
5 6 2 3 4 7 8 1 
8 1 4 7 6 2 3 5 
Colori 64
Tempo de execucao: 0.0018530870
solução
6 7 8 1 3 5 2 4 
3 2 5 4 7 6 1 8 
1 4 6 2 5 8 7 3 
7 8 3 5 2 1 4 6 
2 3 1 6 8 4 5 7 
4 5 7 8 1 3 6 2 
5 6 2 3 4 7 8 1 
8 1 4 7 6 2 3 5 
Colori 64
Tempo de execucao: 0.0019219420
solução
6 7 8 1 3 5 2 4 
3 2 5 4 7 6 1 8 
1 4 6 2 5 8 7 3 
7 8 3 5 2 1 4 6 
2 3 1 6 8 4 5 7 
4 5 7 8 1 3 6 2 
5 6 2 3 4 7 8 1 
8 1 4 7 6 2 3 5 
Colori 64
Tempo de execucao: 0.0018419460
solução
6 7 8 1 3 5 2 4 
3 2 5 4 7 6 1 8 
1 4 6 2 5 8 7 3 
7 8 3 5 2 1 4 6 
2 3 1 6 8 4 5 7 
4 5 7 8 1 3 6 2 
5 6 2 3 4 7 8 1 
8 1 4 7 6 2 3 5 
Colori 64
Tempo de execucao: 0.0018528020
solução
6 7 8 1 3 5 2 4 
3 2 5 4 7 6 1 8 
1 4 6 2 5 8 7 3 
7 8 3 5 2 1 4 6 
2 3 1 6 8 4 5 7 
4 5 7 8 1 3 6 2 
5 6 2 3 4 7 8 1 
8 1 4 7 6 2 3 5 
Colori 64
Tempo de execucao: 0.0017649270
solução
6 7 8 1 3 5 2 4 
3 2 5 4 7 6 1 8 
1 4 6 2 5 8 7 3 
7 8 3 5 2 1 4 6 
2 3 1 6 8 4 5 7 
4 5 7 8 1 3 6 2 
5 6 2 3 4 7 8 1 
8 1 4 7 6 2 3 5 
Colori 64
Tempo de execucao: 0.0018780150
solução
6 7 8 1 3 5 2 4 
3 2 5 4 7 6 1 8 
1 4 6 2 5 8 7 3 
7 8 3 5 2 1 4 6 
2 3 1 6 8 4 5 7 
4 5 7 8 1 3 6 2 
5 6 2 3 4 7 8 1 
8 1 4 7 6 2 3 5 
Colori 64
Tempo de execucao: 0.0017848630
solução
6 7 8 1 3 5 2 4 
3 2 5 4 7 6 1 8 
1 4 6 2 5 8 7 3 
7 8 3 5 2 1 4 6 
2 3 1 6 8 4 5 7 
4 5 7 8 1 3 6 2 
5 6 2 3 4 7 8 1 
8 1 4 7 6 2 3 5 
Colori 64
Tempo de execucao: 0.0019497810
solução
6 7 8 1 3 5 2 4 
3 2 5 4 7 6 1 8 
1 4 6 2 5 8 7 3 
7 8 3 5 2 1 4 6 
2 3 1 6 8 4 5 7 
4 5 7 8 1 3 6 2 
5 6 2 3 4 7 8 1 
8 1 4 7 6 2 3 5 
Colori 64
Tempo de execucao: 0.0018508060
solução
6 7 8 1 3 5 2 4 
3 2 5 4 7 6 1 8 
1 4 6 2 5 8 7 3 
7 8 3 5 2 1 4 6 
2 3 1 6 8 4 5 7 
4 5 7 8 1 3 6 2 
5 6 2 3 4 7 8 1 
8 1 4 7 6 2 3 5 
Colori 64
Tempo de execucao: 0.0017857690
solução
6 7 8 1 3 5 2 4 
3 2 5 4 7 6 1 8 
1 4 6 2 5 8 7 3 
7 8 3 5 2 1 4 6 
2 3 1 6 8 4 5 7 
4 5 7 8 1 3 6 2 
5 6 2 3 4 7 8 1 
8 1 4 7 6 2 3 5 
Colori 64
Tempo de execucao: 0.0037203540
solução
6 7 8 1 3 5 2 4 
3 2 5 4 7 6 1 8 
1 4 6 2 5 8 7 3 
7 8 3 5 2 1 4 6 
2 3 1 6 8 4 5 7 
4 5 7 8 1 3 6 2 
5 6 2 3 4 7 8 1 
8 1 4 7 6 2 3 5 
Colori 64
Tempo de execucao: 0.0015692580
solução
6 7 8 1 3 5 2 4 
3 2 5 4 7 6 1 8 
1 4 6 2 5 8 7 3 
7 8 3 5 2 1 4 6 
2 3 1 6 8 4 5 7 
4 5 7 8 1 3 6 2 
5 6 2 3 4 7 8 1 
8 1 4 7 6 2 3 5 
Colori 64
Tempo de execucao: 0.0017672560
solução
6 7 8 1 3 5 2 4 
3 2 5 4 7 6 1 8 
1 4 6 2 5 8 7 3 
7 8 3 5 2 1 4 6 
2 3 1 6 8 4 5 7 
4 5 7 8 1 3 6 2 
5 6 2 3 4 7 8 1 
8 1 4 7 6 2 3 5 
Colori 64
Tempo de execucao: 0.0018363640
solução
6 7 8 1 3 5 2 4 
3 2 5 4 7 6 1 8 
1 4 6 2 5 8 7 3 
7 8 3 5 2 1 4 6 
2 3 1 6 8 4 5 7 
4 5 7 8 1 3 6 2 
5 6 2 3 4 7 8 1 
8 1 4 7 6 2 3 5 
Colori 64
Tempo de execucao: 0.0021751200
solução
6 7 8 1 3 5 2 4 
3 2 5 4 7 6 1 8 
1 4 6 2 5 8 7 3 
7 8 3 5 2 1 4 6 
2 3 1 6 8 4 5 7 
4 5 7 8 1 3 6 2 
5 6 2 3 4 7 8 1 
8 1 4 7 6 2 3 5 
Colori 64
Tempo de execucao: 0.0037398290
solução
6 7 8 1 3 5 2 4 
3 2 5 4 7 6 1 8 
1 4 6 2 5 8 7 3 
7 8 3 5 2 1 4 6 
2 3 1 6 8 4 5 7 
4 5 7 8 1 3 6 2 
5 6 2 3 4 7 8 1 
8 1 4 7 6 2 3 5 
Colori 64
Tempo de execucao: 0.0018904420
solução
6 7 8 1 3 5 2 4 
3 2 5 4 7 6 1 8 
1 4 6 2 5 8 7 3 
7 8 3 5 2 1 4 6 
2 3 1 6 8 4 5 7 
4 5 7 8 1 3 6 2 
5 6 2 3 4 7 8 1 
8 1 4 7 6 2 3 5 
Colori 64
Tempo de execucao: 0.0019448130
solução
6 7 8 1 3 5 2 4 
3 2 5 4 7 6 1 8 
1 4 6 2 5 8 7 3 
7 8 3 5 2 1 4 6 
2 3 1 6 8 4 5 7 
4 5 7 8 1 3 6 2 
5 6 2 3 4 7 8 1 
8 1 4 7 6 2 3 5 
Colori 64
Tempo de execucao: 0.0018610020
solução
6 7 8 1 3 5 2 4 
3 2 5 4 7 6 1 8 
1 4 6 2 5 8 7 3 
7 8 3 5 2 1 4 6 
2 3 1 6 8 4 5 7 
4 5 7 8 1 3 6 2 
5 6 2 3 4 7 8 1 
8 1 4 7 6 2 3 5 
Colori 64
Tempo de execucao: 0.0017991070
solução
6 7 8 1 3 5 2 4 
3 2 5 4 7 6 1 8 
1 4 6 2 5 8 7 3 
7 8 3 5 2 1 4 6 
2 3 1 6 8 4 5 7 
4 5 7 8 1 3 6 2 
5 6 2 3 4 7 8 1 
8 1 4 7 6 2 3 5 
Colori 64
Tempo de execucao: 0.0043590120
solução
6 7 8 1 3 5 2 4 
3 2 5 4 7 6 1 8 
1 4 6 2 5 8 7 3 
7 8 3 5 2 1 4 6 
2 3 1 6 8 4 5 7 
4 5 7 8 1 3 6 2 
5 6 2 3 4 7 8 1 
8 1 4 7 6 2 3 5 
Colori 64
Tempo de execucao: 0.0018479470
solução
6 7 8 1 3 5 2 4 
3 2 5 4 7 6 1 8 
1 4 6 2 5 8 7 3 
7 8 3 5 2 1 4 6 
2 3 1 6 8 4 5 7 
4 5 7 8 1 3 6 2 
5 6 2 3 4 7 8 1 
8 1 4 7 6 2 3 5 
Colori 64
Tempo de execucao: 0.0018542650
solução
6 7 8 1 3 5 2 4 
3 2 5 4 7 6 1 8 
1 4 6 2 5 8 7 3 
7 8 3 5 2 1 4 6 
2 3 1 6 8 4 5 7 
4 5 7 8 1 3 6 2 
5 6 2 3 4 7 8 1 
8 1 4 7 6 2 3 5 
Colori 64
Tempo de execucao: 0.0019197690
