solução
3 4 9 6 1 8 5 7 2 
7 6 8 2 4 5 1 3 9 
1 2 5 7 3 9 6 4 8 
8 3 1 9 7 2 4 5 6 
5 7 2 4 8 6 3 9 1 
4 9 6 3 5 1 8 2 7 
9 8 3 1 2 4 7 6 5 
2 1 4 5 6 7 9 8 3 
6 5 7 8 9 3 2 1 4 
Colori 81
Tempo de execucao: 0.0019322490
solução
3 4 9 6 1 8 5 7 2 
7 6 8 2 4 5 1 3 9 
1 2 5 7 3 9 6 4 8 
8 3 1 9 7 2 4 5 6 
5 7 2 4 8 6 3 9 1 
4 9 6 3 5 1 8 2 7 
9 8 3 1 2 4 7 6 5 
2 1 4 5 6 7 9 8 3 
6 5 7 8 9 3 2 1 4 
Colori 81
Tempo de execucao: 0.0020212850
solução
3 4 9 6 1 8 5 7 2 
7 6 8 2 4 5 1 3 9 
1 2 5 7 3 9 6 4 8 
8 3 1 9 7 2 4 5 6 
5 7 2 4 8 6 3 9 1 
4 9 6 3 5 1 8 2 7 
9 8 3 1 2 4 7 6 5 
2 1 4 5 6 7 9 8 3 
6 5 7 8 9 3 2 1 4 
Colori 81
Tempo de execucao: 0.0037703250
solução
3 4 9 6 1 8 5 7 2 
7 6 8 2 4 5 1 3 9 
1 2 5 7 3 9 6 4 8 
8 3 1 9 7 2 4 5 6 
5 7 2 4 8 6 3 9 1 
4 9 6 3 5 1 8 2 7 
9 8 3 1 2 4 7 6 5 
2 1 4 5 6 7 9 8 3 
6 5 7 8 9 3 2 1 4 
Colori 81
Tempo de execucao: 0.0018560590
solução
3 4 9 6 1 8 5 7 2 
7 6 8 2 4 5 1 3 9 
1 2 5 7 3 9 6 4 8 
8 3 1 9 7 2 4 5 6 
5 7 2 4 8 6 3 9 1 
4 9 6 3 5 1 8 2 7 
9 8 3 1 2 4 7 6 5 
2 1 4 5 6 7 9 8 3 
6 5 7 8 9 3 2 1 4 
Colori 81
Tempo de execucao: 0.0019999550
solução
3 4 9 6 1 8 5 7 2 
7 6 8 2 4 5 1 3 9 
1 2 5 7 3 9 6 4 8 
8 3 1 9 7 2 4 5 6 
5 7 2 4 8 6 3 9 1 
4 9 6 3 5 1 8 2 7 
9 8 3 1 2 4 7 6 5 
2 1 4 5 6 7 9 8 3 
6 5 7 8 9 3 2 1 4 
Colori 81
Tempo de execucao: 0.0020751150
solução
3 4 9 6 1 8 5 7 2 
7 6 8 2 4 5 1 3 9 
1 2 5 7 3 9 6 4 8 
8 3 1 9 7 2 4 5 6 
5 7 2 4 8 6 3 9 1 
4 9 6 3 5 1 8 2 7 
9 8 3 1 2 4 7 6 5 
2 1 4 5 6 7 9 8 3 
6 5 7 8 9 3 2 1 4 
Colori 81
Tempo de execucao: 0.0019195560
solução
3 4 9 6 1 8 5 7 2 
7 6 8 2 4 5 1 3 9 
1 2 5 7 3 9 6 4 8 
8 3 1 9 7 2 4 5 6 
5 7 2 4 8 6 3 9 1 
4 9 6 3 5 1 8 2 7 
9 8 3 1 2 4 7 6 5 
2 1 4 5 6 7 9 8 3 
6 5 7 8 9 3 2 1 4 
Colori 81
Tempo de execucao: 0.0019543550
solução
3 4 9 6 1 8 5 7 2 
7 6 8 2 4 5 1 3 9 
1 2 5 7 3 9 6 4 8 
8 3 1 9 7 2 4 5 6 
5 7 2 4 8 6 3 9 1 
4 9 6 3 5 1 8 2 7 
9 8 3 1 2 4 7 6 5 
2 1 4 5 6 7 9 8 3 
6 5 7 8 9 3 2 1 4 
Colori 81
Tempo de execucao: 0.0019993560
solução
3 4 9 6 1 8 5 7 2 
7 6 8 2 4 5 1 3 9 
1 2 5 7 3 9 6 4 8 
8 3 1 9 7 2 4 5 6 
5 7 2 4 8 6 3 9 1 
4 9 6 3 5 1 8 2 7 
9 8 3 1 2 4 7 6 5 
2 1 4 5 6 7 9 8 3 
6 5 7 8 9 3 2 1 4 
Colori 81
Tempo de execucao: 0.0019711430
solução
3 4 9 6 1 8 5 7 2 
7 6 8 2 4 5 1 3 9 
1 2 5 7 3 9 6 4 8 
8 3 1 9 7 2 4 5 6 
5 7 2 4 8 6 3 9 1 
4 9 6 3 5 1 8 2 7 
9 8 3 1 2 4 7 6 5 
2 1 4 5 6 7 9 8 3 
6 5 7 8 9 3 2 1 4 
Colori 81
Tempo de execucao: 0.0020526930
solução
3 4 9 6 1 8 5 7 2 
7 6 8 2 4 5 1 3 9 
1 2 5 7 3 9 6 4 8 
8 3 1 9 7 2 4 5 6 
5 7 2 4 8 6 3 9 1 
4 9 6 3 5 1 8 2 7 
9 8 3 1 2 4 7 6 5 
2 1 4 5 6 7 9 8 3 
6 5 7 8 9 3 2 1 4 
Colori 81
Tempo de execucao: 0.0020208300
solução
3 4 9 6 1 8 5 7 2 
7 6 8 2 4 5 1 3 9 
1 2 5 7 3 9 6 4 8 
8 3 1 9 7 2 4 5 6 
5 7 2 4 8 6 3 9 1 
4 9 6 3 5 1 8 2 7 
9 8 3 1 2 4 7 6 5 
2 1 4 5 6 7 9 8 3 
6 5 7 8 9 3 2 1 4 
Colori 81
Tempo de execucao: 0.0018276790
solução
3 4 9 6 1 8 5 7 2 
7 6 8 2 4 5 1 3 9 
1 2 5 7 3 9 6 4 8 
8 3 1 9 7 2 4 5 6 
5 7 2 4 8 6 3 9 1 
4 9 6 3 5 1 8 2 7 
9 8 3 1 2 4 7 6 5 
2 1 4 5 6 7 9 8 3 
6 5 7 8 9 3 2 1 4 
Colori 81
Tempo de execucao: 0.0021673790
solução
3 4 9 6 1 8 5 7 2 
7 6 8 2 4 5 1 3 9 
1 2 5 7 3 9 6 4 8 
8 3 1 9 7 2 4 5 6 
5 7 2 4 8 6 3 9 1 
4 9 6 3 5 1 8 2 7 
9 8 3 1 2 4 7 6 5 
2 1 4 5 6 7 9 8 3 
6 5 7 8 9 3 2 1 4 
Colori 81
Tempo de execucao: 0.0019734480
solução
3 4 9 6 1 8 5 7 2 
7 6 8 2 4 5 1 3 9 
1 2 5 7 3 9 6 4 8 
8 3 1 9 7 2 4 5 6 
5 7 2 4 8 6 3 9 1 
4 9 6 3 5 1 8 2 7 
9 8 3 1 2 4 7 6 5 
2 1 4 5 6 7 9 8 3 
6 5 7 8 9 3 2 1 4 
Colori 81
Tempo de execucao: 0.0019894830
solução
3 4 9 6 1 8 5 7 2 
7 6 8 2 4 5 1 3 9 
1 2 5 7 3 9 6 4 8 
8 3 1 9 7 2 4 5 6 
5 7 2 4 8 6 3 9 1 
4 9 6 3 5 1 8 2 7 
9 8 3 1 2 4 7 6 5 
2 1 4 5 6 7 9 8 3 
6 5 7 8 9 3 2 1 4 
Colori 81
Tempo de execucao: 0.0020482130
solução
3 4 9 6 1 8 5 7 2 
7 6 8 2 4 5 1 3 9 
1 2 5 7 3 9 6 4 8 
8 3 1 9 7 2 4 5 6 
5 7 2 4 8 6 3 9 1 
4 9 6 3 5 1 8 2 7 
9 8 3 1 2 4 7 6 5 
2 1 4 5 6 7 9 8 3 
6 5 7 8 9 3 2 1 4 
Colori 81
Tempo de execucao: 0.0019405240
solução
3 4 9 6 1 8 5 7 2 
7 6 8 2 4 5 1 3 9 
1 2 5 7 3 9 6 4 8 
8 3 1 9 7 2 4 5 6 
5 7 2 4 8 6 3 9 1 
4 9 6 3 5 1 8 2 7 
9 8 3 1 2 4 7 6 5 
2 1 4 5 6 7 9 8 3 
6 5 7 8 9 3 2 1 4 
Colori 81
Tempo de execucao: 0.0023332680
solução
3 4 9 6 1 8 5 7 2 
7 6 8 2 4 5 1 3 9 
1 2 5 7 3 9 6 4 8 
8 3 1 9 7 2 4 5 6 
5 7 2 4 8 6 3 9 1 
4 9 6 3 5 1 8 2 7 
9 8 3 1 2 4 7 6 5 
2 1 4 5 6 7 9 8 3 
6 5 7 8 9 3 2 1 4 
Colori 81
Tempo de execucao: 0.0022606580
solução
3 4 9 6 1 8 5 7 2 
7 6 8 2 4 5 1 3 9 
1 2 5 7 3 9 6 4 8 
8 3 1 9 7 2 4 5 6 
5 7 2 4 8 6 3 9 1 
4 9 6 3 5 1 8 2 7 
9 8 3 1 2 4 7 6 5 
2 1 4 5 6 7 9 8 3 
6 5 7 8 9 3 2 1 4 
Colori 81
Tempo de execucao: 0.0019580730
solução
3 4 9 6 1 8 5 7 2 
7 6 8 2 4 5 1 3 9 
1 2 5 7 3 9 6 4 8 
8 3 1 9 7 2 4 5 6 
5 7 2 4 8 6 3 9 1 
4 9 6 3 5 1 8 2 7 
9 8 3 1 2 4 7 6 5 
2 1 4 5 6 7 9 8 3 
6 5 7 8 9 3 2 1 4 
Colori 81
Tempo de execucao: 0.0022254530
solução
3 4 9 6 1 8 5 7 2 
7 6 8 2 4 5 1 3 9 
1 2 5 7 3 9 6 4 8 
8 3 1 9 7 2 4 5 6 
5 7 2 4 8 6 3 9 1 
4 9 6 3 5 1 8 2 7 
9 8 3 1 2 4 7 6 5 
2 1 4 5 6 7 9 8 3 
6 5 7 8 9 3 2 1 4 
Colori 81
Tempo de execucao: 0.0019860980
solução
3 4 9 6 1 8 5 7 2 
7 6 8 2 4 5 1 3 9 
1 2 5 7 3 9 6 4 8 
8 3 1 9 7 2 4 5 6 
5 7 2 4 8 6 3 9 1 
4 9 6 3 5 1 8 2 7 
9 8 3 1 2 4 7 6 5 
2 1 4 5 6 7 9 8 3 
6 5 7 8 9 3 2 1 4 
Colori 81
Tempo de execucao: 0.0020336160
solução
3 4 9 6 1 8 5 7 2 
7 6 8 2 4 5 1 3 9 
1 2 5 7 3 9 6 4 8 
8 3 1 9 7 2 4 5 6 
5 7 2 4 8 6 3 9 1 
4 9 6 3 5 1 8 2 7 
9 8 3 1 2 4 7 6 5 
2 1 4 5 6 7 9 8 3 
6 5 7 8 9 3 2 1 4 
Colori 81
Tempo de execucao: 0.0041693370
solução
3 4 9 6 1 8 5 7 2 
7 6 8 2 4 5 1 3 9 
1 2 5 7 3 9 6 4 8 
8 3 1 9 7 2 4 5 6 
5 7 2 4 8 6 3 9 1 
4 9 6 3 5 1 8 2 7 
9 8 3 1 2 4 7 6 5 
2 1 4 5 6 7 9 8 3 
6 5 7 8 9 3 2 1 4 
Colori 81
Tempo de execucao: 0.0019264050
solução
3 4 9 6 1 8 5 7 2 
7 6 8 2 4 5 1 3 9 
1 2 5 7 3 9 6 4 8 
8 3 1 9 7 2 4 5 6 
5 7 2 4 8 6 3 9 1 
4 9 6 3 5 1 8 2 7 
9 8 3 1 2 4 7 6 5 
2 1 4 5 6 7 9 8 3 
6 5 7 8 9 3 2 1 4 
Colori 81
Tempo de execucao: 0.0019616860
solução
3 4 9 6 1 8 5 7 2 
7 6 8 2 4 5 1 3 9 
1 2 5 7 3 9 6 4 8 
8 3 1 9 7 2 4 5 6 
5 7 2 4 8 6 3 9 1 
4 9 6 3 5 1 8 2 7 
9 8 3 1 2 4 7 6 5 
2 1 4 5 6 7 9 8 3 
6 5 7 8 9 3 2 1 4 
Colori 81
Tempo de execucao: 0.0019374670
solução
3 4 9 6 1 8 5 7 2 
7 6 8 2 4 5 1 3 9 
1 2 5 7 3 9 6 4 8 
8 3 1 9 7 2 4 5 6 
5 7 2 4 8 6 3 9 1 
4 9 6 3 5 1 8 2 7 
9 8 3 1 2 4 7 6 5 
2 1 4 5 6 7 9 8 3 
6 5 7 8 9 3 2 1 4 
Colori 81
Tempo de execucao: 0.0018970370
solução
3 4 9 6 1 8 5 7 2 
7 6 8 2 4 5 1 3 9 
1 2 5 7 3 9 6 4 8 
8 3 1 9 7 2 4 5 6 
5 7 2 4 8 6 3 9 1 
4 9 6 3 5 1 8 2 7 
9 8 3 1 2 4 7 6 5 
2 1 4 5 6 7 9 8 3 
6 5 7 8 9 3 2 1 4 
Colori 81
Tempo de execucao: 0.0020333140
solução
3 4 9 6 1 8 5 7 2 
7 6 8 2 4 5 1 3 9 
1 2 5 7 3 9 6 4 8 
8 3 1 9 7 2 4 5 6 
5 7 2 4 8 6 3 9 1 
4 9 6 3 5 1 8 2 7 
9 8 3 1 2 4 7 6 5 
2 1 4 5 6 7 9 8 3 
6 5 7 8 9 3 2 1 4 
Colori 81
Tempo de execucao: 0.0019381040
solução
3 4 9 6 1 8 5 7 2 
7 6 8 2 4 5 1 3 9 
1 2 5 7 3 9 6 4 8 
8 3 1 9 7 2 4 5 6 
5 7 2 4 8 6 3 9 1 
4 9 6 3 5 1 8 2 7 
9 8 3 1 2 4 7 6 5 
2 1 4 5 6 7 9 8 3 
6 5 7 8 9 3 2 1 4 
Colori 81
Tempo de execucao: 0.0019575500
solução
3 4 9 6 1 8 5 7 2 
7 6 8 2 4 5 1 3 9 
1 2 5 7 3 9 6 4 8 
8 3 1 9 7 2 4 5 6 
5 7 2 4 8 6 3 9 1 
4 9 6 3 5 1 8 2 7 
9 8 3 1 2 4 7 6 5 
2 1 4 5 6 7 9 8 3 
6 5 7 8 9 3 2 1 4 
Colori 81
Tempo de execucao: 0.0022262340
solução
3 4 9 6 1 8 5 7 2 
7 6 8 2 4 5 1 3 9 
1 2 5 7 3 9 6 4 8 
8 3 1 9 7 2 4 5 6 
5 7 2 4 8 6 3 9 1 
4 9 6 3 5 1 8 2 7 
9 8 3 1 2 4 7 6 5 
2 1 4 5 6 7 9 8 3 
6 5 7 8 9 3 2 1 4 
Colori 81
Tempo de execucao: 0.0020977800
solução
3 4 9 6 1 8 5 7 2 
7 6 8 2 4 5 1 3 9 
1 2 5 7 3 9 6 4 8 
8 3 1 9 7 2 4 5 6 
5 7 2 4 8 6 3 9 1 
4 9 6 3 5 1 8 2 7 
9 8 3 1 2 4 7 6 5 
2 1 4 5 6 7 9 8 3 
6 5 7 8 9 3 2 1 4 
Colori 81
Tempo de execucao: 0.0021395080
solução
3 4 9 6 1 8 5 7 2 
7 6 8 2 4 5 1 3 9 
1 2 5 7 3 9 6 4 8 
8 3 1 9 7 2 4 5 6 
5 7 2 4 8 6 3 9 1 
4 9 6 3 5 1 8 2 7 
9 8 3 1 2 4 7 6 5 
2 1 4 5 6 7 9 8 3 
6 5 7 8 9 3 2 1 4 
Colori 81
Tempo de execucao: 0.0039989930
solução
3 4 9 6 1 8 5 7 2 
7 6 8 2 4 5 1 3 9 
1 2 5 7 3 9 6 4 8 
8 3 1 9 7 2 4 5 6 
5 7 2 4 8 6 3 9 1 
4 9 6 3 5 1 8 2 7 
9 8 3 1 2 4 7 6 5 
2 1 4 5 6 7 9 8 3 
6 5 7 8 9 3 2 1 4 
Colori 81
Tempo de execucao: 0.0019293950
solução
3 4 9 6 1 8 5 7 2 
7 6 8 2 4 5 1 3 9 
1 2 5 7 3 9 6 4 8 
8 3 1 9 7 2 4 5 6 
5 7 2 4 8 6 3 9 1 
4 9 6 3 5 1 8 2 7 
9 8 3 1 2 4 7 6 5 
2 1 4 5 6 7 9 8 3 
6 5 7 8 9 3 2 1 4 
Colori 81
Tempo de execucao: 0.0021274270
solução
3 4 9 6 1 8 5 7 2 
7 6 8 2 4 5 1 3 9 
1 2 5 7 3 9 6 4 8 
8 3 1 9 7 2 4 5 6 
5 7 2 4 8 6 3 9 1 
4 9 6 3 5 1 8 2 7 
9 8 3 1 2 4 7 6 5 
2 1 4 5 6 7 9 8 3 
6 5 7 8 9 3 2 1 4 
Colori 81
Tempo de execucao: 0.0030761940
solução
3 4 9 6 1 8 5 7 2 
7 6 8 2 4 5 1 3 9 
1 2 5 7 3 9 6 4 8 
8 3 1 9 7 2 4 5 6 
5 7 2 4 8 6 3 9 1 
4 9 6 3 5 1 8 2 7 
9 8 3 1 2 4 7 6 5 
2 1 4 5 6 7 9 8 3 
6 5 7 8 9 3 2 1 4 
Colori 81
Tempo de execucao: 0.0020452760
solução
3 4 9 6 1 8 5 7 2 
7 6 8 2 4 5 1 3 9 
1 2 5 7 3 9 6 4 8 
8 3 1 9 7 2 4 5 6 
5 7 2 4 8 6 3 9 1 
4 9 6 3 5 1 8 2 7 
9 8 3 1 2 4 7 6 5 
2 1 4 5 6 7 9 8 3 
6 5 7 8 9 3 2 1 4 
Colori 81
Tempo de execucao: 0.0021115340
solução
3 4 9 6 1 8 5 7 2 
7 6 8 2 4 5 1 3 9 
1 2 5 7 3 9 6 4 8 
8 3 1 9 7 2 4 5 6 
5 7 2 4 8 6 3 9 1 
4 9 6 3 5 1 8 2 7 
9 8 3 1 2 4 7 6 5 
2 1 4 5 6 7 9 8 3 
6 5 7 8 9 3 2 1 4 
Colori 81
Tempo de execucao: 0.0019229920
solução
3 4 9 6 1 8 5 7 2 
7 6 8 2 4 5 1 3 9 
1 2 5 7 3 9 6 4 8 
8 3 1 9 7 2 4 5 6 
5 7 2 4 8 6 3 9 1 
4 9 6 3 5 1 8 2 7 
9 8 3 1 2 4 7 6 5 
2 1 4 5 6 7 9 8 3 
6 5 7 8 9 3 2 1 4 
Colori 81
Tempo de execucao: 0.0020977880
solução
3 4 9 6 1 8 5 7 2 
7 6 8 2 4 5 1 3 9 
1 2 5 7 3 9 6 4 8 
8 3 1 9 7 2 4 5 6 
5 7 2 4 8 6 3 9 1 
4 9 6 3 5 1 8 2 7 
9 8 3 1 2 4 7 6 5 
2 1 4 5 6 7 9 8 3 
6 5 7 8 9 3 2 1 4 
Colori 81
Tempo de execucao: 0.0018780660
solução
3 4 9 6 1 8 5 7 2 
7 6 8 2 4 5 1 3 9 
1 2 5 7 3 9 6 4 8 
8 3 1 9 7 2 4 5 6 
5 7 2 4 8 6 3 9 1 
4 9 6 3 5 1 8 2 7 
9 8 3 1 2 4 7 6 5 
2 1 4 5 6 7 9 8 3 
6 5 7 8 9 3 2 1 4 
Colori 81
Tempo de execucao: 0.0020326420
solução
3 4 9 6 1 8 5 7 2 
7 6 8 2 4 5 1 3 9 
1 2 5 7 3 9 6 4 8 
8 3 1 9 7 2 4 5 6 
5 7 2 4 8 6 3 9 1 
4 9 6 3 5 1 8 2 7 
9 8 3 1 2 4 7 6 5 
2 1 4 5 6 7 9 8 3 
6 5 7 8 9 3 2 1 4 
Colori 81
Tempo de execucao: 0.0018128500
solução
3 4 9 6 1 8 5 7 2 
7 6 8 2 4 5 1 3 9 
1 2 5 7 3 9 6 4 8 
8 3 1 9 7 2 4 5 6 
5 7 2 4 8 6 3 9 1 
4 9 6 3 5 1 8 2 7 
9 8 3 1 2 4 7 6 5 
2 1 4 5 6 7 9 8 3 
6 5 7 8 9 3 2 1 4 
Colori 81
Tempo de execucao: 0.0029018940
solução
3 4 9 6 1 8 5 7 2 
7 6 8 2 4 5 1 3 9 
1 2 5 7 3 9 6 4 8 
8 3 1 9 7 2 4 5 6 
5 7 2 4 8 6 3 9 1 
4 9 6 3 5 1 8 2 7 
9 8 3 1 2 4 7 6 5 
2 1 4 5 6 7 9 8 3 
6 5 7 8 9 3 2 1 4 
Colori 81
Tempo de execucao: 0.0022622980
solução
3 4 9 6 1 8 5 7 2 
7 6 8 2 4 5 1 3 9 
1 2 5 7 3 9 6 4 8 
8 3 1 9 7 2 4 5 6 
5 7 2 4 8 6 3 9 1 
4 9 6 3 5 1 8 2 7 
9 8 3 1 2 4 7 6 5 
2 1 4 5 6 7 9 8 3 
6 5 7 8 9 3 2 1 4 
Colori 81
Tempo de execucao: 0.0019864340
solução
3 4 9 6 1 8 5 7 2 
7 6 8 2 4 5 1 3 9 
1 2 5 7 3 9 6 4 8 
8 3 1 9 7 2 4 5 6 
5 7 2 4 8 6 3 9 1 
4 9 6 3 5 1 8 2 7 
9 8 3 1 2 4 7 6 5 
2 1 4 5 6 7 9 8 3 
6 5 7 8 9 3 2 1 4 
Colori 81
Tempo de execucao: 0.0030517860
solução
3 4 9 6 1 8 5 7 2 
7 6 8 2 4 5 1 3 9 
1 2 5 7 3 9 6 4 8 
8 3 1 9 7 2 4 5 6 
5 7 2 4 8 6 3 9 1 
4 9 6 3 5 1 8 2 7 
9 8 3 1 2 4 7 6 5 
2 1 4 5 6 7 9 8 3 
6 5 7 8 9 3 2 1 4 
Colori 81
Tempo de execucao: 0.0018897500
solução
3 4 9 6 1 8 5 7 2 
7 6 8 2 4 5 1 3 9 
1 2 5 7 3 9 6 4 8 
8 3 1 9 7 2 4 5 6 
5 7 2 4 8 6 3 9 1 
4 9 6 3 5 1 8 2 7 
9 8 3 1 2 4 7 6 5 
2 1 4 5 6 7 9 8 3 
6 5 7 8 9 3 2 1 4 
Colori 81
Tempo de execucao: 0.0019709720
solução
3 4 9 6 1 8 5 7 2 
7 6 8 2 4 5 1 3 9 
1 2 5 7 3 9 6 4 8 
8 3 1 9 7 2 4 5 6 
5 7 2 4 8 6 3 9 1 
4 9 6 3 5 1 8 2 7 
9 8 3 1 2 4 7 6 5 
2 1 4 5 6 7 9 8 3 
6 5 7 8 9 3 2 1 4 
Colori 81
Tempo de execucao: 0.0029445890
solução
3 4 9 6 1 8 5 7 2 
7 6 8 2 4 5 1 3 9 
1 2 5 7 3 9 6 4 8 
8 3 1 9 7 2 4 5 6 
5 7 2 4 8 6 3 9 1 
4 9 6 3 5 1 8 2 7 
9 8 3 1 2 4 7 6 5 
2 1 4 5 6 7 9 8 3 
6 5 7 8 9 3 2 1 4 
Colori 81
Tempo de execucao: 0.0020107910
solução
3 4 9 6 1 8 5 7 2 
7 6 8 2 4 5 1 3 9 
1 2 5 7 3 9 6 4 8 
8 3 1 9 7 2 4 5 6 
5 7 2 4 8 6 3 9 1 
4 9 6 3 5 1 8 2 7 
9 8 3 1 2 4 7 6 5 
2 1 4 5 6 7 9 8 3 
6 5 7 8 9 3 2 1 4 
Colori 81
Tempo de execucao: 0.0020826420
solução
3 4 9 6 1 8 5 7 2 
7 6 8 2 4 5 1 3 9 
1 2 5 7 3 9 6 4 8 
8 3 1 9 7 2 4 5 6 
5 7 2 4 8 6 3 9 1 
4 9 6 3 5 1 8 2 7 
9 8 3 1 2 4 7 6 5 
2 1 4 5 6 7 9 8 3 
6 5 7 8 9 3 2 1 4 
Colori 81
Tempo de execucao: 0.0019013440
solução
3 4 9 6 1 8 5 7 2 
7 6 8 2 4 5 1 3 9 
1 2 5 7 3 9 6 4 8 
8 3 1 9 7 2 4 5 6 
5 7 2 4 8 6 3 9 1 
4 9 6 3 5 1 8 2 7 
9 8 3 1 2 4 7 6 5 
2 1 4 5 6 7 9 8 3 
6 5 7 8 9 3 2 1 4 
Colori 81
Tempo de execucao: 0.0019797060
solução
3 4 9 6 1 8 5 7 2 
7 6 8 2 4 5 1 3 9 
1 2 5 7 3 9 6 4 8 
8 3 1 9 7 2 4 5 6 
5 7 2 4 8 6 3 9 1 
4 9 6 3 5 1 8 2 7 
9 8 3 1 2 4 7 6 5 
2 1 4 5 6 7 9 8 3 
6 5 7 8 9 3 2 1 4 
Colori 81
Tempo de execucao: 0.0037056940
solução
3 4 9 6 1 8 5 7 2 
7 6 8 2 4 5 1 3 9 
1 2 5 7 3 9 6 4 8 
8 3 1 9 7 2 4 5 6 
5 7 2 4 8 6 3 9 1 
4 9 6 3 5 1 8 2 7 
9 8 3 1 2 4 7 6 5 
2 1 4 5 6 7 9 8 3 
6 5 7 8 9 3 2 1 4 
Colori 81
Tempo de execucao: 0.0019254180
solução
3 4 9 6 1 8 5 7 2 
7 6 8 2 4 5 1 3 9 
1 2 5 7 3 9 6 4 8 
8 3 1 9 7 2 4 5 6 
5 7 2 4 8 6 3 9 1 
4 9 6 3 5 1 8 2 7 
9 8 3 1 2 4 7 6 5 
2 1 4 5 6 7 9 8 3 
6 5 7 8 9 3 2 1 4 
Colori 81
Tempo de execucao: 0.0019294230
solução
3 4 9 6 1 8 5 7 2 
7 6 8 2 4 5 1 3 9 
1 2 5 7 3 9 6 4 8 
8 3 1 9 7 2 4 5 6 
5 7 2 4 8 6 3 9 1 
4 9 6 3 5 1 8 2 7 
9 8 3 1 2 4 7 6 5 
2 1 4 5 6 7 9 8 3 
6 5 7 8 9 3 2 1 4 
Colori 81
Tempo de execucao: 0.0020223530
solução
3 4 9 6 1 8 5 7 2 
7 6 8 2 4 5 1 3 9 
1 2 5 7 3 9 6 4 8 
8 3 1 9 7 2 4 5 6 
5 7 2 4 8 6 3 9 1 
4 9 6 3 5 1 8 2 7 
9 8 3 1 2 4 7 6 5 
2 1 4 5 6 7 9 8 3 
6 5 7 8 9 3 2 1 4 
Colori 81
Tempo de execucao: 0.0019661350
solução
3 4 9 6 1 8 5 7 2 
7 6 8 2 4 5 1 3 9 
1 2 5 7 3 9 6 4 8 
8 3 1 9 7 2 4 5 6 
5 7 2 4 8 6 3 9 1 
4 9 6 3 5 1 8 2 7 
9 8 3 1 2 4 7 6 5 
2 1 4 5 6 7 9 8 3 
6 5 7 8 9 3 2 1 4 
Colori 81
Tempo de execucao: 0.0020733320
solução
3 4 9 6 1 8 5 7 2 
7 6 8 2 4 5 1 3 9 
1 2 5 7 3 9 6 4 8 
8 3 1 9 7 2 4 5 6 
5 7 2 4 8 6 3 9 1 
4 9 6 3 5 1 8 2 7 
9 8 3 1 2 4 7 6 5 
2 1 4 5 6 7 9 8 3 
6 5 7 8 9 3 2 1 4 
Colori 81
Tempo de execucao: 0.0019313090
solução
3 4 9 6 1 8 5 7 2 
7 6 8 2 4 5 1 3 9 
1 2 5 7 3 9 6 4 8 
8 3 1 9 7 2 4 5 6 
5 7 2 4 8 6 3 9 1 
4 9 6 3 5 1 8 2 7 
9 8 3 1 2 4 7 6 5 
2 1 4 5 6 7 9 8 3 
6 5 7 8 9 3 2 1 4 
Colori 81
Tempo de execucao: 0.0020270060
solução
3 4 9 6 1 8 5 7 2 
7 6 8 2 4 5 1 3 9 
1 2 5 7 3 9 6 4 8 
8 3 1 9 7 2 4 5 6 
5 7 2 4 8 6 3 9 1 
4 9 6 3 5 1 8 2 7 
9 8 3 1 2 4 7 6 5 
2 1 4 5 6 7 9 8 3 
6 5 7 8 9 3 2 1 4 
Colori 81
Tempo de execucao: 0.0021433860
solução
3 4 9 6 1 8 5 7 2 
7 6 8 2 4 5 1 3 9 
1 2 5 7 3 9 6 4 8 
8 3 1 9 7 2 4 5 6 
5 7 2 4 8 6 3 9 1 
4 9 6 3 5 1 8 2 7 
9 8 3 1 2 4 7 6 5 
2 1 4 5 6 7 9 8 3 
6 5 7 8 9 3 2 1 4 
Colori 81
Tempo de execucao: 0.0019650900
solução
3 4 9 6 1 8 5 7 2 
7 6 8 2 4 5 1 3 9 
1 2 5 7 3 9 6 4 8 
8 3 1 9 7 2 4 5 6 
5 7 2 4 8 6 3 9 1 
4 9 6 3 5 1 8 2 7 
9 8 3 1 2 4 7 6 5 
2 1 4 5 6 7 9 8 3 
6 5 7 8 9 3 2 1 4 
Colori 81
Tempo de execucao: 0.0022648460
solução
3 4 9 6 1 8 5 7 2 
7 6 8 2 4 5 1 3 9 
1 2 5 7 3 9 6 4 8 
8 3 1 9 7 2 4 5 6 
5 7 2 4 8 6 3 9 1 
4 9 6 3 5 1 8 2 7 
9 8 3 1 2 4 7 6 5 
2 1 4 5 6 7 9 8 3 
6 5 7 8 9 3 2 1 4 
Colori 81
Tempo de execucao: 0.0019578980
solução
3 4 9 6 1 8 5 7 2 
7 6 8 2 4 5 1 3 9 
1 2 5 7 3 9 6 4 8 
8 3 1 9 7 2 4 5 6 
5 7 2 4 8 6 3 9 1 
4 9 6 3 5 1 8 2 7 
9 8 3 1 2 4 7 6 5 
2 1 4 5 6 7 9 8 3 
6 5 7 8 9 3 2 1 4 
Colori 81
Tempo de execucao: 0.0019166610
solução
3 4 9 6 1 8 5 7 2 
7 6 8 2 4 5 1 3 9 
1 2 5 7 3 9 6 4 8 
8 3 1 9 7 2 4 5 6 
5 7 2 4 8 6 3 9 1 
4 9 6 3 5 1 8 2 7 
9 8 3 1 2 4 7 6 5 
2 1 4 5 6 7 9 8 3 
6 5 7 8 9 3 2 1 4 
Colori 81
Tempo de execucao: 0.0022086220
solução
3 4 9 6 1 8 5 7 2 
7 6 8 2 4 5 1 3 9 
1 2 5 7 3 9 6 4 8 
8 3 1 9 7 2 4 5 6 
5 7 2 4 8 6 3 9 1 
4 9 6 3 5 1 8 2 7 
9 8 3 1 2 4 7 6 5 
2 1 4 5 6 7 9 8 3 
6 5 7 8 9 3 2 1 4 
Colori 81
Tempo de execucao: 0.0019115530
solução
3 4 9 6 1 8 5 7 2 
7 6 8 2 4 5 1 3 9 
1 2 5 7 3 9 6 4 8 
8 3 1 9 7 2 4 5 6 
5 7 2 4 8 6 3 9 1 
4 9 6 3 5 1 8 2 7 
9 8 3 1 2 4 7 6 5 
2 1 4 5 6 7 9 8 3 
6 5 7 8 9 3 2 1 4 
Colori 81
Tempo de execucao: 0.0018491700
solução
3 4 9 6 1 8 5 7 2 
7 6 8 2 4 5 1 3 9 
1 2 5 7 3 9 6 4 8 
8 3 1 9 7 2 4 5 6 
5 7 2 4 8 6 3 9 1 
4 9 6 3 5 1 8 2 7 
9 8 3 1 2 4 7 6 5 
2 1 4 5 6 7 9 8 3 
6 5 7 8 9 3 2 1 4 
Colori 81
Tempo de execucao: 0.0019028880
solução
3 4 9 6 1 8 5 7 2 
7 6 8 2 4 5 1 3 9 
1 2 5 7 3 9 6 4 8 
8 3 1 9 7 2 4 5 6 
5 7 2 4 8 6 3 9 1 
4 9 6 3 5 1 8 2 7 
9 8 3 1 2 4 7 6 5 
2 1 4 5 6 7 9 8 3 
6 5 7 8 9 3 2 1 4 
Colori 81
Tempo de execucao: 0.0018755150
solução
3 4 9 6 1 8 5 7 2 
7 6 8 2 4 5 1 3 9 
1 2 5 7 3 9 6 4 8 
8 3 1 9 7 2 4 5 6 
5 7 2 4 8 6 3 9 1 
4 9 6 3 5 1 8 2 7 
9 8 3 1 2 4 7 6 5 
2 1 4 5 6 7 9 8 3 
6 5 7 8 9 3 2 1 4 
Colori 81
Tempo de execucao: 0.0019303530
solução
3 4 9 6 1 8 5 7 2 
7 6 8 2 4 5 1 3 9 
1 2 5 7 3 9 6 4 8 
8 3 1 9 7 2 4 5 6 
5 7 2 4 8 6 3 9 1 
4 9 6 3 5 1 8 2 7 
9 8 3 1 2 4 7 6 5 
2 1 4 5 6 7 9 8 3 
6 5 7 8 9 3 2 1 4 
Colori 81
Tempo de execucao: 0.0019218660
solução
3 4 9 6 1 8 5 7 2 
7 6 8 2 4 5 1 3 9 
1 2 5 7 3 9 6 4 8 
8 3 1 9 7 2 4 5 6 
5 7 2 4 8 6 3 9 1 
4 9 6 3 5 1 8 2 7 
9 8 3 1 2 4 7 6 5 
2 1 4 5 6 7 9 8 3 
6 5 7 8 9 3 2 1 4 
Colori 81
Tempo de execucao: 0.0021276770
solução
3 4 9 6 1 8 5 7 2 
7 6 8 2 4 5 1 3 9 
1 2 5 7 3 9 6 4 8 
8 3 1 9 7 2 4 5 6 
5 7 2 4 8 6 3 9 1 
4 9 6 3 5 1 8 2 7 
9 8 3 1 2 4 7 6 5 
2 1 4 5 6 7 9 8 3 
6 5 7 8 9 3 2 1 4 
Colori 81
Tempo de execucao: 0.0019599530
solução
3 4 9 6 1 8 5 7 2 
7 6 8 2 4 5 1 3 9 
1 2 5 7 3 9 6 4 8 
8 3 1 9 7 2 4 5 6 
5 7 2 4 8 6 3 9 1 
4 9 6 3 5 1 8 2 7 
9 8 3 1 2 4 7 6 5 
2 1 4 5 6 7 9 8 3 
6 5 7 8 9 3 2 1 4 
Colori 81
Tempo de execucao: 0.0021379130
solução
3 4 9 6 1 8 5 7 2 
7 6 8 2 4 5 1 3 9 
1 2 5 7 3 9 6 4 8 
8 3 1 9 7 2 4 5 6 
5 7 2 4 8 6 3 9 1 
4 9 6 3 5 1 8 2 7 
9 8 3 1 2 4 7 6 5 
2 1 4 5 6 7 9 8 3 
6 5 7 8 9 3 2 1 4 
Colori 81
Tempo de execucao: 0.0021511000
solução
3 4 9 6 1 8 5 7 2 
7 6 8 2 4 5 1 3 9 
1 2 5 7 3 9 6 4 8 
8 3 1 9 7 2 4 5 6 
5 7 2 4 8 6 3 9 1 
4 9 6 3 5 1 8 2 7 
9 8 3 1 2 4 7 6 5 
2 1 4 5 6 7 9 8 3 
6 5 7 8 9 3 2 1 4 
Colori 81
Tempo de execucao: 0.0020573910
solução
3 4 9 6 1 8 5 7 2 
7 6 8 2 4 5 1 3 9 
1 2 5 7 3 9 6 4 8 
8 3 1 9 7 2 4 5 6 
5 7 2 4 8 6 3 9 1 
4 9 6 3 5 1 8 2 7 
9 8 3 1 2 4 7 6 5 
2 1 4 5 6 7 9 8 3 
6 5 7 8 9 3 2 1 4 
Colori 81
Tempo de execucao: 0.0019464890
solução
3 4 9 6 1 8 5 7 2 
7 6 8 2 4 5 1 3 9 
1 2 5 7 3 9 6 4 8 
8 3 1 9 7 2 4 5 6 
5 7 2 4 8 6 3 9 1 
4 9 6 3 5 1 8 2 7 
9 8 3 1 2 4 7 6 5 
2 1 4 5 6 7 9 8 3 
6 5 7 8 9 3 2 1 4 
Colori 81
Tempo de execucao: 0.0019140840
solução
3 4 9 6 1 8 5 7 2 
7 6 8 2 4 5 1 3 9 
1 2 5 7 3 9 6 4 8 
8 3 1 9 7 2 4 5 6 
5 7 2 4 8 6 3 9 1 
4 9 6 3 5 1 8 2 7 
9 8 3 1 2 4 7 6 5 
2 1 4 5 6 7 9 8 3 
6 5 7 8 9 3 2 1 4 
Colori 81
Tempo de execucao: 0.0023061030
solução
3 4 9 6 1 8 5 7 2 
7 6 8 2 4 5 1 3 9 
1 2 5 7 3 9 6 4 8 
8 3 1 9 7 2 4 5 6 
5 7 2 4 8 6 3 9 1 
4 9 6 3 5 1 8 2 7 
9 8 3 1 2 4 7 6 5 
2 1 4 5 6 7 9 8 3 
6 5 7 8 9 3 2 1 4 
Colori 81
Tempo de execucao: 0.0018774290
solução
3 4 9 6 1 8 5 7 2 
7 6 8 2 4 5 1 3 9 
1 2 5 7 3 9 6 4 8 
8 3 1 9 7 2 4 5 6 
5 7 2 4 8 6 3 9 1 
4 9 6 3 5 1 8 2 7 
9 8 3 1 2 4 7 6 5 
2 1 4 5 6 7 9 8 3 
6 5 7 8 9 3 2 1 4 
Colori 81
Tempo de execucao: 0.0021074260
solução
3 4 9 6 1 8 5 7 2 
7 6 8 2 4 5 1 3 9 
1 2 5 7 3 9 6 4 8 
8 3 1 9 7 2 4 5 6 
5 7 2 4 8 6 3 9 1 
4 9 6 3 5 1 8 2 7 
9 8 3 1 2 4 7 6 5 
2 1 4 5 6 7 9 8 3 
6 5 7 8 9 3 2 1 4 
Colori 81
Tempo de execucao: 0.0018461580
solução
3 4 9 6 1 8 5 7 2 
7 6 8 2 4 5 1 3 9 
1 2 5 7 3 9 6 4 8 
8 3 1 9 7 2 4 5 6 
5 7 2 4 8 6 3 9 1 
4 9 6 3 5 1 8 2 7 
9 8 3 1 2 4 7 6 5 
2 1 4 5 6 7 9 8 3 
6 5 7 8 9 3 2 1 4 
Colori 81
Tempo de execucao: 0.0021197080
solução
3 4 9 6 1 8 5 7 2 
7 6 8 2 4 5 1 3 9 
1 2 5 7 3 9 6 4 8 
8 3 1 9 7 2 4 5 6 
5 7 2 4 8 6 3 9 1 
4 9 6 3 5 1 8 2 7 
9 8 3 1 2 4 7 6 5 
2 1 4 5 6 7 9 8 3 
6 5 7 8 9 3 2 1 4 
Colori 81
Tempo de execucao: 0.0019830160
solução
3 4 9 6 1 8 5 7 2 
7 6 8 2 4 5 1 3 9 
1 2 5 7 3 9 6 4 8 
8 3 1 9 7 2 4 5 6 
5 7 2 4 8 6 3 9 1 
4 9 6 3 5 1 8 2 7 
9 8 3 1 2 4 7 6 5 
2 1 4 5 6 7 9 8 3 
6 5 7 8 9 3 2 1 4 
Colori 81
Tempo de execucao: 0.0021935960
solução
3 4 9 6 1 8 5 7 2 
7 6 8 2 4 5 1 3 9 
1 2 5 7 3 9 6 4 8 
8 3 1 9 7 2 4 5 6 
5 7 2 4 8 6 3 9 1 
4 9 6 3 5 1 8 2 7 
9 8 3 1 2 4 7 6 5 
2 1 4 5 6 7 9 8 3 
6 5 7 8 9 3 2 1 4 
Colori 81
Tempo de execucao: 0.0022187330
solução
3 4 9 6 1 8 5 7 2 
7 6 8 2 4 5 1 3 9 
1 2 5 7 3 9 6 4 8 
8 3 1 9 7 2 4 5 6 
5 7 2 4 8 6 3 9 1 
4 9 6 3 5 1 8 2 7 
9 8 3 1 2 4 7 6 5 
2 1 4 5 6 7 9 8 3 
6 5 7 8 9 3 2 1 4 
Colori 81
Tempo de execucao: 0.0019911110
solução
3 4 9 6 1 8 5 7 2 
7 6 8 2 4 5 1 3 9 
1 2 5 7 3 9 6 4 8 
8 3 1 9 7 2 4 5 6 
5 7 2 4 8 6 3 9 1 
4 9 6 3 5 1 8 2 7 
9 8 3 1 2 4 7 6 5 
2 1 4 5 6 7 9 8 3 
6 5 7 8 9 3 2 1 4 
Colori 81
Tempo de execucao: 0.0018995640
solução
3 4 9 6 1 8 5 7 2 
7 6 8 2 4 5 1 3 9 
1 2 5 7 3 9 6 4 8 
8 3 1 9 7 2 4 5 6 
5 7 2 4 8 6 3 9 1 
4 9 6 3 5 1 8 2 7 
9 8 3 1 2 4 7 6 5 
2 1 4 5 6 7 9 8 3 
6 5 7 8 9 3 2 1 4 
Colori 81
Tempo de execucao: 0.0021777640
solução
3 4 9 6 1 8 5 7 2 
7 6 8 2 4 5 1 3 9 
1 2 5 7 3 9 6 4 8 
8 3 1 9 7 2 4 5 6 
5 7 2 4 8 6 3 9 1 
4 9 6 3 5 1 8 2 7 
9 8 3 1 2 4 7 6 5 
2 1 4 5 6 7 9 8 3 
6 5 7 8 9 3 2 1 4 
Colori 81
Tempo de execucao: 0.0020021730
solução
3 4 9 6 1 8 5 7 2 
7 6 8 2 4 5 1 3 9 
1 2 5 7 3 9 6 4 8 
8 3 1 9 7 2 4 5 6 
5 7 2 4 8 6 3 9 1 
4 9 6 3 5 1 8 2 7 
9 8 3 1 2 4 7 6 5 
2 1 4 5 6 7 9 8 3 
6 5 7 8 9 3 2 1 4 
Colori 81
Tempo de execucao: 0.0021223880
solução
3 4 9 6 1 8 5 7 2 
7 6 8 2 4 5 1 3 9 
1 2 5 7 3 9 6 4 8 
8 3 1 9 7 2 4 5 6 
5 7 2 4 8 6 3 9 1 
4 9 6 3 5 1 8 2 7 
9 8 3 1 2 4 7 6 5 
2 1 4 5 6 7 9 8 3 
6 5 7 8 9 3 2 1 4 
Colori 81
Tempo de execucao: 0.0020043080
solução
3 4 9 6 1 8 5 7 2 
7 6 8 2 4 5 1 3 9 
1 2 5 7 3 9 6 4 8 
8 3 1 9 7 2 4 5 6 
5 7 2 4 8 6 3 9 1 
4 9 6 3 5 1 8 2 7 
9 8 3 1 2 4 7 6 5 
2 1 4 5 6 7 9 8 3 
6 5 7 8 9 3 2 1 4 
Colori 81
Tempo de execucao: 0.0019148040
solução
3 4 9 6 1 8 5 7 2 
7 6 8 2 4 5 1 3 9 
1 2 5 7 3 9 6 4 8 
8 3 1 9 7 2 4 5 6 
5 7 2 4 8 6 3 9 1 
4 9 6 3 5 1 8 2 7 
9 8 3 1 2 4 7 6 5 
2 1 4 5 6 7 9 8 3 
6 5 7 8 9 3 2 1 4 
Colori 81
Tempo de execucao: 0.0021693160
